2020-07-25 19:05:27,581 INFO: [_internal.py:122] : 127.0.0.1 - - [25/Jul/2020 19:05:27] "GET /static/js/query-execution-worker.js HTTP/1.1" 200 -
2020-07-25 19:05:27,581 INFO: [_internal.py:122] : 127.0.0.1 - - [25/Jul/2020 19:05:27] "GET /static/js/query-execution-worker.js HTTP/1.1" 200 -
2020-07-25 19:05:27,582 INFO: [_internal.py:122] : 127.0.0.1 - - [25/Jul/2020 19:05:27] "GET /static/js/query-execution-worker.js HTTP/1.1" 200 -
2020-07-25 19:05:27,582 INFO: [_internal.py:122] : 127.0.0.1 - - [25/Jul/2020 19:05:27] "GET /static/js/query-execution-worker.js HTTP/1.1" 200 -
2020-07-25 19:05:27,828 DEBUG: [app.py:249] : Query parameters for long-running-query: 
2020-07-25 19:05:27,828 DEBUG: [app.py:250] : Parameter names        : ['sql_id']
2020-07-25 19:05:27,828 DEBUG: [app.py:251] : Parameter values       : ['7kngmdwtb1dsh']
2020-07-25 19:05:27,828 DEBUG: [app.py:98] : DB Connection: <cx_Oracle.Connection to admin@(DESCRIPTION=(ADDRESS=(PROTOCOL=TCP)(HOST=localhost)(PORT=1522))(CONNECT_DATA=(SERVICE_NAME=testdb)))>
2020-07-25 19:05:27,828 DEBUG: [app.py:99] : Query to be executed: 
SELECT
  sid
, serial#
, opname
, target
, target_desc
, sofar
, totalwork
, units
, start_time
, last_update_time
, timestamp
, time_remaining
, elapsed_seconds
, context
, message
, username
, sql_address
, sql_hash_value
, sql_id
, sql_plan_hash_value
, sql_exec_start
, sql_exec_id
, sql_plan_line_id
, sql_plan_operation
, sql_plan_options
, qcsid
FROM
    V$SESSION_LONGOPS
WHERE
    sql_id = :sqlid

2020-07-25 19:05:27,828 DEBUG: [app.py:100] : Parameters for the Query: ['7kngmdwtb1dsh']
2020-07-25 19:05:27,830 DEBUG: [app.py:143] : Sample Result
2020-07-25 19:05:27,830 DEBUG: [app.py:145] : ['SID', 'SERIAL#', 'OPNAME', 'TARGET', 'TARGET_DESC', 'SOFAR', 'TOTALWORK', 'UNITS', 'START_TIME', 'LAST_UPDATE_TIME', 'TIMESTAMP', 'TIME_REMAINING', 'ELAPSED_SECONDS', 'CONTEXT', 'MESSAGE', 'USERNAME', 'SQL_ADDRESS', 'SQL_HASH_VALUE', 'SQL_ID', 'SQL_PLAN_HASH_VALUE', 'SQL_EXEC_START', 'SQL_EXEC_ID', 'SQL_PLAN_LINE_ID', 'SQL_PLAN_OPERATION', 'SQL_PLAN_OPTIONS', 'QCSID']
2020-07-25 19:05:27,830 INFO: [_internal.py:122] : 127.0.0.1 - - [25/Jul/2020 19:05:27] "POST /query_execution/long-running-query?sql_id=7kngmdwtb1dsh HTTP/1.1" 201 -
2020-07-25 19:05:27,896 DEBUG: [app.py:249] : Query parameters for query-resource-usage: 
2020-07-25 19:05:27,896 DEBUG: [app.py:250] : Parameter names        : ['sql_id']
2020-07-25 19:05:27,896 DEBUG: [app.py:251] : Parameter values       : ['7kngmdwtb1dsh']
2020-07-25 19:05:27,896 DEBUG: [app.py:98] : DB Connection: <cx_Oracle.Connection to admin@(DESCRIPTION=(ADDRESS=(PROTOCOL=TCP)(HOST=localhost)(PORT=1522))(CONNECT_DATA=(SERVICE_NAME=testdb)))>
2020-07-25 19:05:27,896 DEBUG: [app.py:99] : Query to be executed: 
SELECT * 
FROM (SELECT sql_id, 
             to_char(sql_exec_start,'yyyy-mm-dd:hh24:mi:ss') sql_exec_start,
             sql_exec_id, 
             sum(buffer_gets) buffer_gets,
             sum(disk_reads) disk_reads, 
             round(sum(cpu_time/1000000),1) cpu_secs
      FROM v$sql_monitor
      WHERE sql_id = :sql_id
      GROUP BY sql_id, sql_exec_start, sql_exec_id
      ORDER BY 2 desc)
WHERE rownum <= 50

2020-07-25 19:05:27,896 DEBUG: [app.py:100] : Parameters for the Query: ['7kngmdwtb1dsh']
2020-07-25 19:05:27,897 DEBUG: [app.py:143] : Sample Result
2020-07-25 19:05:27,897 DEBUG: [app.py:145] : ['SQL_ID', 'SQL_EXEC_START', 'SQL_EXEC_ID', 'BUFFER_GETS', 'DISK_READS', 'CPU_SECS']
2020-07-25 19:05:27,898 INFO: [_internal.py:122] : 127.0.0.1 - - [25/Jul/2020 19:05:27] "POST /query_execution/query-resource-usage?sql_id=7kngmdwtb1dsh HTTP/1.1" 201 -
2020-07-25 19:05:27,899 DEBUG: [app.py:249] : Query parameters for report_sql_monitor_active: 
2020-07-25 19:05:27,899 DEBUG: [app.py:250] : Parameter names        : ['sql_id']
2020-07-25 19:05:27,900 DEBUG: [app.py:249] : Query parameters for get_sql_text: 
2020-07-25 19:05:27,900 DEBUG: [app.py:251] : Parameter values       : ['7kngmdwtb1dsh']
2020-07-25 19:05:27,900 DEBUG: [app.py:250] : Parameter names        : ['sql_id']
2020-07-25 19:05:27,901 INFO: [_internal.py:122] : 127.0.0.1 - - [25/Jul/2020 19:05:27] "POST /query_execution/report_sql_monitor_active?sql_id=7kngmdwtb1dsh HTTP/1.1" 201 -
2020-07-25 19:05:27,901 DEBUG: [app.py:251] : Parameter values       : ['7kngmdwtb1dsh']
2020-07-25 19:05:27,901 INFO: [_internal.py:122] : 127.0.0.1 - - [25/Jul/2020 19:05:27] "POST /query_execution/get_sql_text?sql_id=7kngmdwtb1dsh HTTP/1.1" 201 -
2020-07-25 19:07:04,673 DEBUG: [app.py:249] : Query parameters for long-running-query: 
2020-07-25 19:07:04,673 DEBUG: [app.py:250] : Parameter names        : ['sql_id']
2020-07-25 19:07:04,673 DEBUG: [app.py:251] : Parameter values       : ['7kngmdwtb1dsh']
2020-07-25 19:07:04,673 DEBUG: [app.py:98] : DB Connection: <cx_Oracle.Connection to admin@(DESCRIPTION=(ADDRESS=(PROTOCOL=TCP)(HOST=localhost)(PORT=1522))(CONNECT_DATA=(SERVICE_NAME=testdb)))>
2020-07-25 19:07:04,673 DEBUG: [app.py:99] : Query to be executed: 
SELECT
  sid
, serial#
, opname
, target
, target_desc
, sofar
, totalwork
, units
, start_time
, last_update_time
, timestamp
, time_remaining
, elapsed_seconds
, context
, message
, username
, sql_address
, sql_hash_value
, sql_id
, sql_plan_hash_value
, sql_exec_start
, sql_exec_id
, sql_plan_line_id
, sql_plan_operation
, sql_plan_options
, qcsid
FROM
    V$SESSION_LONGOPS
WHERE
    sql_id = :sqlid

2020-07-25 19:07:04,673 DEBUG: [app.py:100] : Parameters for the Query: ['7kngmdwtb1dsh']
2020-07-25 19:07:04,674 DEBUG: [app.py:249] : Query parameters for query-resource-usage: 
2020-07-25 19:07:04,674 DEBUG: [app.py:250] : Parameter names        : ['sql_id']
2020-07-25 19:07:04,675 DEBUG: [app.py:251] : Parameter values       : ['7kngmdwtb1dsh']
2020-07-25 19:07:04,675 DEBUG: [app.py:98] : DB Connection: <cx_Oracle.Connection to admin@(DESCRIPTION=(ADDRESS=(PROTOCOL=TCP)(HOST=localhost)(PORT=1522))(CONNECT_DATA=(SERVICE_NAME=testdb)))>
2020-07-25 19:07:04,675 DEBUG: [app.py:99] : Query to be executed: 
SELECT * 
FROM (SELECT sql_id, 
             to_char(sql_exec_start,'yyyy-mm-dd:hh24:mi:ss') sql_exec_start,
             sql_exec_id, 
             sum(buffer_gets) buffer_gets,
             sum(disk_reads) disk_reads, 
             round(sum(cpu_time/1000000),1) cpu_secs
      FROM v$sql_monitor
      WHERE sql_id = :sql_id
      GROUP BY sql_id, sql_exec_start, sql_exec_id
      ORDER BY 2 desc)
WHERE rownum <= 50

2020-07-25 19:07:04,675 DEBUG: [app.py:100] : Parameters for the Query: ['7kngmdwtb1dsh']
2020-07-25 19:07:04,676 DEBUG: [app.py:249] : Query parameters for report_sql_monitor_active: 
2020-07-25 19:07:04,676 DEBUG: [app.py:143] : Sample Result
2020-07-25 19:07:04,676 DEBUG: [app.py:250] : Parameter names        : ['sql_id']
2020-07-25 19:07:04,676 DEBUG: [app.py:145] : ['SID', 'SERIAL#', 'OPNAME', 'TARGET', 'TARGET_DESC', 'SOFAR', 'TOTALWORK', 'UNITS', 'START_TIME', 'LAST_UPDATE_TIME', 'TIMESTAMP', 'TIME_REMAINING', 'ELAPSED_SECONDS', 'CONTEXT', 'MESSAGE', 'USERNAME', 'SQL_ADDRESS', 'SQL_HASH_VALUE', 'SQL_ID', 'SQL_PLAN_HASH_VALUE', 'SQL_EXEC_START', 'SQL_EXEC_ID', 'SQL_PLAN_LINE_ID', 'SQL_PLAN_OPERATION', 'SQL_PLAN_OPTIONS', 'QCSID']
2020-07-25 19:07:04,677 DEBUG: [app.py:251] : Parameter values       : ['7kngmdwtb1dsh']
2020-07-25 19:07:04,677 DEBUG: [app.py:249] : Query parameters for get_sql_text: 
2020-07-25 19:07:04,677 DEBUG: [app.py:143] : Sample Result
2020-07-25 19:07:04,678 INFO: [_internal.py:122] : 127.0.0.1 - - [25/Jul/2020 19:07:04] "POST /query_execution/long-running-query?sql_id=7kngmdwtb1dsh HTTP/1.1" 201 -
2020-07-25 19:07:04,678 INFO: [_internal.py:122] : 127.0.0.1 - - [25/Jul/2020 19:07:04] "POST /query_execution/report_sql_monitor_active?sql_id=7kngmdwtb1dsh HTTP/1.1" 201 -
2020-07-25 19:07:04,678 DEBUG: [app.py:250] : Parameter names        : ['sql_id']
2020-07-25 19:07:04,678 DEBUG: [app.py:145] : ['SQL_ID', 'SQL_EXEC_START', 'SQL_EXEC_ID', 'BUFFER_GETS', 'DISK_READS', 'CPU_SECS']
2020-07-25 19:07:04,679 DEBUG: [app.py:251] : Parameter values       : ['7kngmdwtb1dsh']
2020-07-25 19:07:04,679 INFO: [_internal.py:122] : 127.0.0.1 - - [25/Jul/2020 19:07:04] "POST /query_execution/query-resource-usage?sql_id=7kngmdwtb1dsh HTTP/1.1" 201 -
2020-07-25 19:07:04,679 INFO: [_internal.py:122] : 127.0.0.1 - - [25/Jul/2020 19:07:04] "POST /query_execution/get_sql_text?sql_id=7kngmdwtb1dsh HTTP/1.1" 201 -
2020-07-25 19:08:03,178 INFO: [_internal.py:122] : 127.0.0.1 - - [25/Jul/2020 19:08:03] "GET /static/js/query-execution-worker.js HTTP/1.1" 200 -
2020-07-25 19:08:03,481 INFO: [_internal.py:122] : 127.0.0.1 - - [25/Jul/2020 19:08:03] "GET /static/js/query-execution-worker.js HTTP/1.1" 200 -
2020-07-25 19:08:03,481 INFO: [_internal.py:122] : 127.0.0.1 - - [25/Jul/2020 19:08:03] "GET /static/js/query-execution-worker.js HTTP/1.1" 200 -
2020-07-25 19:08:03,481 INFO: [_internal.py:122] : 127.0.0.1 - - [25/Jul/2020 19:08:03] "GET /static/js/query-execution-worker.js HTTP/1.1" 200 -
2020-07-25 19:08:03,497 DEBUG: [app.py:249] : Query parameters for long-running-query: 
2020-07-25 19:08:03,497 DEBUG: [app.py:250] : Parameter names        : ['sql_id']
2020-07-25 19:08:03,497 DEBUG: [app.py:251] : Parameter values       : ['7kngmdwtb1dsh']
2020-07-25 19:08:03,497 DEBUG: [app.py:98] : DB Connection: <cx_Oracle.Connection to admin@(DESCRIPTION=(ADDRESS=(PROTOCOL=TCP)(HOST=localhost)(PORT=1522))(CONNECT_DATA=(SERVICE_NAME=testdb)))>
2020-07-25 19:08:03,497 DEBUG: [app.py:99] : Query to be executed: 
SELECT
  sid
, serial#
, opname
, target
, target_desc
, sofar
, totalwork
, units
, start_time
, last_update_time
, timestamp
, time_remaining
, elapsed_seconds
, context
, message
, username
, sql_address
, sql_hash_value
, sql_id
, sql_plan_hash_value
, sql_exec_start
, sql_exec_id
, sql_plan_line_id
, sql_plan_operation
, sql_plan_options
, qcsid
FROM
    V$SESSION_LONGOPS
WHERE
    sql_id = :sqlid

2020-07-25 19:08:03,498 DEBUG: [app.py:100] : Parameters for the Query: ['7kngmdwtb1dsh']
2020-07-25 19:08:03,499 DEBUG: [app.py:143] : Sample Result
2020-07-25 19:08:03,499 DEBUG: [app.py:145] : ['SID', 'SERIAL#', 'OPNAME', 'TARGET', 'TARGET_DESC', 'SOFAR', 'TOTALWORK', 'UNITS', 'START_TIME', 'LAST_UPDATE_TIME', 'TIMESTAMP', 'TIME_REMAINING', 'ELAPSED_SECONDS', 'CONTEXT', 'MESSAGE', 'USERNAME', 'SQL_ADDRESS', 'SQL_HASH_VALUE', 'SQL_ID', 'SQL_PLAN_HASH_VALUE', 'SQL_EXEC_START', 'SQL_EXEC_ID', 'SQL_PLAN_LINE_ID', 'SQL_PLAN_OPERATION', 'SQL_PLAN_OPTIONS', 'QCSID']
2020-07-25 19:08:03,500 INFO: [_internal.py:122] : 127.0.0.1 - - [25/Jul/2020 19:08:03] "POST /query_execution/long-running-query?sql_id=7kngmdwtb1dsh HTTP/1.1" 201 -
2020-07-25 19:08:03,793 DEBUG: [app.py:249] : Query parameters for query-resource-usage: 
2020-07-25 19:08:03,793 DEBUG: [app.py:250] : Parameter names        : ['sql_id']
2020-07-25 19:08:03,793 DEBUG: [app.py:251] : Parameter values       : ['7kngmdwtb1dsh']
2020-07-25 19:08:03,793 DEBUG: [app.py:98] : DB Connection: <cx_Oracle.Connection to admin@(DESCRIPTION=(ADDRESS=(PROTOCOL=TCP)(HOST=localhost)(PORT=1522))(CONNECT_DATA=(SERVICE_NAME=testdb)))>
2020-07-25 19:08:03,793 DEBUG: [app.py:99] : Query to be executed: 
SELECT * 
FROM (SELECT sql_id, 
             to_char(sql_exec_start,'yyyy-mm-dd:hh24:mi:ss') sql_exec_start,
             sql_exec_id, 
             sum(buffer_gets) buffer_gets,
             sum(disk_reads) disk_reads, 
             round(sum(cpu_time/1000000),1) cpu_secs
      FROM v$sql_monitor
      WHERE sql_id = :sql_id
      GROUP BY sql_id, sql_exec_start, sql_exec_id
      ORDER BY 2 desc)
WHERE rownum <= 50

2020-07-25 19:08:03,794 DEBUG: [app.py:100] : Parameters for the Query: ['7kngmdwtb1dsh']
2020-07-25 19:08:03,796 DEBUG: [app.py:249] : Query parameters for get_sql_text: 
2020-07-25 19:08:03,796 DEBUG: [app.py:249] : Query parameters for report_sql_monitor_active: 
2020-07-25 19:08:03,796 DEBUG: [app.py:250] : Parameter names        : ['sql_id']
2020-07-25 19:08:03,797 DEBUG: [app.py:251] : Parameter values       : ['7kngmdwtb1dsh']
2020-07-25 19:08:03,797 DEBUG: [app.py:143] : Sample Result
2020-07-25 19:08:03,796 DEBUG: [app.py:250] : Parameter names        : ['sql_id']
2020-07-25 19:08:03,797 INFO: [_internal.py:122] : 127.0.0.1 - - [25/Jul/2020 19:08:03] "POST /query_execution/get_sql_text?sql_id=7kngmdwtb1dsh HTTP/1.1" 201 -
2020-07-25 19:08:03,797 DEBUG: [app.py:145] : ['SQL_ID', 'SQL_EXEC_START', 'SQL_EXEC_ID', 'BUFFER_GETS', 'DISK_READS', 'CPU_SECS']
2020-07-25 19:08:03,797 DEBUG: [app.py:251] : Parameter values       : ['7kngmdwtb1dsh']
2020-07-25 19:08:03,798 INFO: [_internal.py:122] : 127.0.0.1 - - [25/Jul/2020 19:08:03] "POST /query_execution/query-resource-usage?sql_id=7kngmdwtb1dsh HTTP/1.1" 201 -
2020-07-25 19:08:03,798 INFO: [_internal.py:122] : 127.0.0.1 - - [25/Jul/2020 19:08:03] "POST /query_execution/report_sql_monitor_active?sql_id=7kngmdwtb1dsh HTTP/1.1" 201 -
2020-07-25 19:08:23,358 INFO: [_internal.py:122] : 127.0.0.1 - - [25/Jul/2020 19:08:23] "GET /static/js/query-execution-worker.js HTTP/1.1" 200 -
2020-07-25 19:08:23,358 INFO: [_internal.py:122] : 127.0.0.1 - - [25/Jul/2020 19:08:23] "GET /static/js/query-execution-worker.js HTTP/1.1" 200 -
2020-07-25 19:08:23,359 INFO: [_internal.py:122] : 127.0.0.1 - - [25/Jul/2020 19:08:23] "GET /static/js/query-execution-worker.js HTTP/1.1" 200 -
2020-07-25 19:08:23,360 INFO: [_internal.py:122] : 127.0.0.1 - - [25/Jul/2020 19:08:23] "GET /static/js/query-execution-worker.js HTTP/1.1" 200 -
2020-07-25 19:08:23,605 DEBUG: [app.py:249] : Query parameters for query-resource-usage: 
2020-07-25 19:08:23,605 DEBUG: [app.py:250] : Parameter names        : ['sql_id']
2020-07-25 19:08:23,605 DEBUG: [app.py:251] : Parameter values       : ['7kngmdwtb1dsh']
2020-07-25 19:08:23,605 DEBUG: [app.py:98] : DB Connection: <cx_Oracle.Connection to admin@(DESCRIPTION=(ADDRESS=(PROTOCOL=TCP)(HOST=localhost)(PORT=1522))(CONNECT_DATA=(SERVICE_NAME=testdb)))>
2020-07-25 19:08:23,605 DEBUG: [app.py:99] : Query to be executed: 
SELECT * 
FROM (SELECT sql_id, 
             to_char(sql_exec_start,'yyyy-mm-dd:hh24:mi:ss') sql_exec_start,
             sql_exec_id, 
             sum(buffer_gets) buffer_gets,
             sum(disk_reads) disk_reads, 
             round(sum(cpu_time/1000000),1) cpu_secs
      FROM v$sql_monitor
      WHERE sql_id = :sql_id
      GROUP BY sql_id, sql_exec_start, sql_exec_id
      ORDER BY 2 desc)
WHERE rownum <= 50

2020-07-25 19:08:23,605 DEBUG: [app.py:100] : Parameters for the Query: ['7kngmdwtb1dsh']
2020-07-25 19:08:23,606 DEBUG: [app.py:143] : Sample Result
2020-07-25 19:08:23,606 DEBUG: [app.py:145] : ['SQL_ID', 'SQL_EXEC_START', 'SQL_EXEC_ID', 'BUFFER_GETS', 'DISK_READS', 'CPU_SECS']
2020-07-25 19:08:23,607 INFO: [_internal.py:122] : 127.0.0.1 - - [25/Jul/2020 19:08:23] "POST /query_execution/query-resource-usage?sql_id=7kngmdwtb1dsh HTTP/1.1" 201 -
2020-07-25 19:08:23,672 DEBUG: [app.py:249] : Query parameters for long-running-query: 
2020-07-25 19:08:23,672 DEBUG: [app.py:250] : Parameter names        : ['sql_id']
2020-07-25 19:08:23,672 DEBUG: [app.py:251] : Parameter values       : ['7kngmdwtb1dsh']
2020-07-25 19:08:23,672 DEBUG: [app.py:98] : DB Connection: <cx_Oracle.Connection to admin@(DESCRIPTION=(ADDRESS=(PROTOCOL=TCP)(HOST=localhost)(PORT=1522))(CONNECT_DATA=(SERVICE_NAME=testdb)))>
2020-07-25 19:08:23,672 DEBUG: [app.py:99] : Query to be executed: 
SELECT
  sid
, serial#
, opname
, target
, target_desc
, sofar
, totalwork
, units
, start_time
, last_update_time
, timestamp
, time_remaining
, elapsed_seconds
, context
, message
, username
, sql_address
, sql_hash_value
, sql_id
, sql_plan_hash_value
, sql_exec_start
, sql_exec_id
, sql_plan_line_id
, sql_plan_operation
, sql_plan_options
, qcsid
FROM
    V$SESSION_LONGOPS
WHERE
    sql_id = :sqlid

2020-07-25 19:08:23,672 DEBUG: [app.py:100] : Parameters for the Query: ['7kngmdwtb1dsh']
2020-07-25 19:08:23,674 DEBUG: [app.py:143] : Sample Result
2020-07-25 19:08:23,674 DEBUG: [app.py:145] : ['SID', 'SERIAL#', 'OPNAME', 'TARGET', 'TARGET_DESC', 'SOFAR', 'TOTALWORK', 'UNITS', 'START_TIME', 'LAST_UPDATE_TIME', 'TIMESTAMP', 'TIME_REMAINING', 'ELAPSED_SECONDS', 'CONTEXT', 'MESSAGE', 'USERNAME', 'SQL_ADDRESS', 'SQL_HASH_VALUE', 'SQL_ID', 'SQL_PLAN_HASH_VALUE', 'SQL_EXEC_START', 'SQL_EXEC_ID', 'SQL_PLAN_LINE_ID', 'SQL_PLAN_OPERATION', 'SQL_PLAN_OPTIONS', 'QCSID']
2020-07-25 19:08:23,676 INFO: [_internal.py:122] : 127.0.0.1 - - [25/Jul/2020 19:08:23] "POST /query_execution/long-running-query?sql_id=7kngmdwtb1dsh HTTP/1.1" 201 -
2020-07-25 19:08:23,677 DEBUG: [app.py:249] : Query parameters for report_sql_monitor_active: 
2020-07-25 19:08:23,678 DEBUG: [app.py:250] : Parameter names        : ['sql_id']
2020-07-25 19:08:23,678 DEBUG: [app.py:251] : Parameter values       : ['7kngmdwtb1dsh']
2020-07-25 19:08:23,679 DEBUG: [app.py:249] : Query parameters for get_sql_text: 
2020-07-25 19:08:23,680 INFO: [_internal.py:122] : 127.0.0.1 - - [25/Jul/2020 19:08:23] "POST /query_execution/report_sql_monitor_active?sql_id=7kngmdwtb1dsh HTTP/1.1" 201 -
2020-07-25 19:08:23,680 DEBUG: [app.py:250] : Parameter names        : ['sql_id']
2020-07-25 19:08:23,680 DEBUG: [app.py:251] : Parameter values       : ['7kngmdwtb1dsh']
2020-07-25 19:08:23,681 INFO: [_internal.py:122] : 127.0.0.1 - - [25/Jul/2020 19:08:23] "POST /query_execution/get_sql_text?sql_id=7kngmdwtb1dsh HTTP/1.1" 201 -
2020-07-25 19:09:11,838 INFO: [_internal.py:122] :  * Restarting with stat
2020-07-25 19:09:12,164 WARNING: [_internal.py:122] :  * Debugger is active!
2020-07-25 19:09:12,169 INFO: [_internal.py:122] :  * Debugger PIN: 296-999-343
2020-07-25 19:09:12,176 INFO: [_internal.py:122] :  * Running on http://127.0.0.1:5000/ (Press CTRL+C to quit)
2020-07-25 19:09:19,662 INFO: [_internal.py:122] : 127.0.0.1 - - [25/Jul/2020 19:09:19] "GET / HTTP/1.1" 200 -
2020-07-25 19:09:19,706 INFO: [_internal.py:122] : 127.0.0.1 - - [25/Jul/2020 19:09:19] "GET /static/js/app.js HTTP/1.1" 200 -
2020-07-25 19:09:19,901 INFO: [_internal.py:122] : 127.0.0.1 - - [25/Jul/2020 19:09:19] "GET /static/js/api-calls.js HTTP/1.1" 200 -
2020-07-25 19:09:20,007 INFO: [_internal.py:122] : 127.0.0.1 - - [25/Jul/2020 19:09:20] "GET /static/js/auto-refresh-setup.js HTTP/1.1" 200 -
2020-07-25 19:09:20,007 INFO: [_internal.py:122] : 127.0.0.1 - - [25/Jul/2020 19:09:20] "GET /static/js/common.js HTTP/1.1" 200 -
2020-07-25 19:09:20,755 INFO: [_internal.py:122] : 127.0.0.1 - - [25/Jul/2020 19:09:20] "GET /static/js/query-execution-worker.js HTTP/1.1" 200 -
2020-07-25 19:09:20,756 INFO: [_internal.py:122] : 127.0.0.1 - - [25/Jul/2020 19:09:20] "GET /static/js/query-execution-worker.js HTTP/1.1" 200 -
2020-07-25 19:09:21,005 DEBUG: [app.py:249] : Query parameters for long-running-queries: 
2020-07-25 19:09:21,005 DEBUG: [app.py:250] : Parameter names        : []
2020-07-25 19:09:21,005 DEBUG: [app.py:251] : Parameter values       : []
2020-07-25 19:09:21,068 DEBUG: [app.py:249] : Query parameters for queries-resource-usage: 
2020-07-25 19:09:21,068 DEBUG: [app.py:250] : Parameter names        : []
2020-07-25 19:09:21,068 DEBUG: [app.py:251] : Parameter values       : []
2020-07-25 19:09:21,070 DEBUG: [app.py:98] : DB Connection: <cx_Oracle.Connection to admin@(DESCRIPTION=(ADDRESS=(PROTOCOL=TCP)(HOST=localhost)(PORT=1522))(CONNECT_DATA=(SERVICE_NAME=testdb)))>
2020-07-25 19:09:21,070 DEBUG: [app.py:99] : Query to be executed: 
SELECT
  sid
, serial#
, opname
, target
, target_desc
, sofar
, totalwork
, units
, start_time
, last_update_time
, timestamp
, time_remaining
, elapsed_seconds
, context
, message
, username
, sql_address
, sql_hash_value
, sql_id
, sql_plan_hash_value
, sql_exec_start
, sql_exec_id
, sql_plan_line_id
, sql_plan_operation
, sql_plan_options
, qcsid
FROM
    V$SESSION_LONGOPS
WHERE
    sofar <> totalwork

2020-07-25 19:09:21,070 DEBUG: [app.py:100] : Parameters for the Query: None
2020-07-25 19:09:21,071 DEBUG: [app.py:143] : Sample Result
2020-07-25 19:09:21,071 DEBUG: [app.py:145] : ['SID', 'SERIAL#', 'OPNAME', 'TARGET', 'TARGET_DESC', 'SOFAR', 'TOTALWORK', 'UNITS', 'START_TIME', 'LAST_UPDATE_TIME', 'TIMESTAMP', 'TIME_REMAINING', 'ELAPSED_SECONDS', 'CONTEXT', 'MESSAGE', 'USERNAME', 'SQL_ADDRESS', 'SQL_HASH_VALUE', 'SQL_ID', 'SQL_PLAN_HASH_VALUE', 'SQL_EXEC_START', 'SQL_EXEC_ID', 'SQL_PLAN_LINE_ID', 'SQL_PLAN_OPERATION', 'SQL_PLAN_OPTIONS', 'QCSID']
2020-07-25 19:09:21,072 INFO: [_internal.py:122] : 127.0.0.1 - - [25/Jul/2020 19:09:21] "POST /query_execution/long-running-queries HTTP/1.1" 201 -
2020-07-25 19:09:21,084 DEBUG: [app.py:98] : DB Connection: <cx_Oracle.Connection to admin@(DESCRIPTION=(ADDRESS=(PROTOCOL=TCP)(HOST=localhost)(PORT=1522))(CONNECT_DATA=(SERVICE_NAME=testdb)))>
2020-07-25 19:09:21,084 DEBUG: [app.py:99] : Query to be executed: 
SELECT s.parsing_schema_name schema,
       t.sql_id,
       to_char(t.last_active_time,'yyyy-mm-dd:hh24:mi:ss') last_active_time,
       t.sql_text,
       t.disk_reads,
       t.buffer_gets,
       t.fetches,
       t.sorts,
       t.cpu_time/1000000 cpu,
       t.rows_processed
FROM V$SQLSTATS t,
     V$SQL s
WHERE t.sql_id = s.sql_id
ORDER BY t.last_active_time DESC

2020-07-25 19:09:21,084 DEBUG: [app.py:100] : Parameters for the Query: None
2020-07-25 19:09:21,214 DEBUG: [app.py:143] : Sample Result
2020-07-25 19:09:21,214 DEBUG: [app.py:145] : ['SCHEMA', 'SQL_ID', 'LAST_ACTIVE_TIME', 'SQL_TEXT', 'DISK_READS', 'BUFFER_GETS', 'FETCHES', 'SORTS', 'CPU', 'ROWS_PROCESSED']
2020-07-25 19:09:21,214 DEBUG: [app.py:145] : ['SYS', '4vs91dcv7u1p6', '2020-07-25:19:09:20', 'insert into sys.aud$( sessionid,entryid,statement,ntimestamp#, userid,userhost,terminal,action#,returncode, obj$creator,obj$name,auth$privileges,auth$grantee, new$owner,new$name,ses$actions,ses$tid,logoff$pread, logoff$lwrite,logoff$dead,comment$text,spare1,spare2,  priv$used,clientid,sessioncpu,proxy$sid,user$guid, instance#,process#,xid,scn,auditid,  sqlbind,sqltext,obj$edition,dbid)  values(:1,:2,:3,SYS_EXTRACT_UTC(SYSTIMESTAMP),     :4,:5,:6,:7,:8,     :9,:10,:11,:12,     :13,:14,:15,:16,:17,     :18,:19,:20,:21,:22,     :23,:24,:25,:26,:27,     :28,:29,:30,:31,:32,     :33,:34,:35,:36)', '1', '10507', '0', '0', '0.25', '3173']
2020-07-25 19:09:21,214 DEBUG: [app.py:145] : ['ADMIN', '7gtys6vx02ymj', '2020-07-25:19:09:20', ' SELECT   sid , serial# , opname , target , target_desc , sofar , totalwork , units , start_time , last_update_time , timestamp , time_remaining , elapsed_seconds , context , message , username , sql_address , sql_hash_value , sql_id , sql_plan_hash_value , sql_exec_start , sql_exec_id , sql_plan_line_id , sql_plan_operation , sql_plan_options , qcsid FROM     V$SESSION_LONGOPS WHERE     sofar <> totalwork ', '0', '124', '153', '0', '0.0625', '0']
2020-07-25 19:09:21,214 DEBUG: [app.py:145] : ['SYS', '459f3z9u4fb3u', '2020-07-25:19:09:20', "select value$ from props$ where name = 'GLOBAL_DB_NAME'", '0', '12693', '6347', '0', '0.578125', '3173']
2020-07-25 19:09:21,215 DEBUG: [app.py:145] : ['SYS', '0ws7ahf1d78qa', '2020-07-25:19:09:20', "select SYS_CONTEXT('USERENV', 'SERVER_HOST'), SYS_CONTEXT('USERENV', 'DB_UNIQUE_NAME'), SYS_CONTEXT('USERENV', 'INSTANCE_NAME'), SYS_CONTEXT('USERENV', 'SERVICE_NAME'), INSTANCE_NUMBER, STARTUP_TIME, SYS_CONTEXT('USERENV', 'DB_DOMAIN') from v$instance where INSTANCE_NAME=SYS_CONTEXT('USERENV', 'INSTANCE_NAME')", '0', '0', '3173', '0', '0.28125', '3173']
2020-07-25 19:09:21,277 INFO: [_internal.py:122] : 127.0.0.1 - - [25/Jul/2020 19:09:21] "POST /query_execution/queries-resource-usage HTTP/1.1" 201 -
2020-07-25 19:09:21,873 INFO: [_internal.py:122] : 127.0.0.1 - - [25/Jul/2020 19:09:21] "GET /favicon.ico HTTP/1.1" 404 -
2020-07-25 19:09:33,800 INFO: [_internal.py:122] : 127.0.0.1 - - [25/Jul/2020 19:09:33] "GET /static/js/query-execution-worker.js HTTP/1.1" 200 -
2020-07-25 19:09:33,800 INFO: [_internal.py:122] : 127.0.0.1 - - [25/Jul/2020 19:09:33] "GET /static/js/query-execution-worker.js HTTP/1.1" 200 -
2020-07-25 19:09:33,800 INFO: [_internal.py:122] : 127.0.0.1 - - [25/Jul/2020 19:09:33] "GET /static/js/query-execution-worker.js HTTP/1.1" 200 -
2020-07-25 19:09:33,800 INFO: [_internal.py:122] : 127.0.0.1 - - [25/Jul/2020 19:09:33] "GET /static/js/query-execution-worker.js HTTP/1.1" 200 -
2020-07-25 19:09:34,047 DEBUG: [app.py:249] : Query parameters for get_sql_text: 
2020-07-25 19:09:34,047 DEBUG: [app.py:250] : Parameter names        : ['sql_id']
2020-07-25 19:09:34,048 DEBUG: [app.py:251] : Parameter values       : ['7gtys6vx02ymj']
2020-07-25 19:09:34,048 INFO: [_internal.py:122] : 127.0.0.1 - - [25/Jul/2020 19:09:34] "POST /query_execution/get_sql_text?sql_id=7gtys6vx02ymj HTTP/1.1" 201 -
2020-07-25 19:09:34,110 DEBUG: [app.py:249] : Query parameters for query-resource-usage: 
2020-07-25 19:09:34,110 DEBUG: [app.py:250] : Parameter names        : ['sql_id']
2020-07-25 19:09:34,110 DEBUG: [app.py:251] : Parameter values       : ['7gtys6vx02ymj']
2020-07-25 19:09:34,110 DEBUG: [app.py:98] : DB Connection: <cx_Oracle.Connection to admin@(DESCRIPTION=(ADDRESS=(PROTOCOL=TCP)(HOST=localhost)(PORT=1522))(CONNECT_DATA=(SERVICE_NAME=testdb)))>
2020-07-25 19:09:34,110 DEBUG: [app.py:99] : Query to be executed: 
SELECT * 
FROM (SELECT sql_id, 
             to_char(sql_exec_start,'yyyy-mm-dd:hh24:mi:ss') sql_exec_start,
             sql_exec_id, 
             sum(buffer_gets) buffer_gets,
             sum(disk_reads) disk_reads, 
             round(sum(cpu_time/1000000),1) cpu_secs
      FROM v$sql_monitor
      WHERE sql_id = :sql_id
      GROUP BY sql_id, sql_exec_start, sql_exec_id
      ORDER BY 2 desc)
WHERE rownum <= 50

2020-07-25 19:09:34,110 DEBUG: [app.py:100] : Parameters for the Query: ['7gtys6vx02ymj']
2020-07-25 19:09:34,112 DEBUG: [app.py:143] : Sample Result
2020-07-25 19:09:34,112 DEBUG: [app.py:145] : ['SQL_ID', 'SQL_EXEC_START', 'SQL_EXEC_ID', 'BUFFER_GETS', 'DISK_READS', 'CPU_SECS']
2020-07-25 19:09:34,112 INFO: [_internal.py:122] : 127.0.0.1 - - [25/Jul/2020 19:09:34] "POST /query_execution/query-resource-usage?sql_id=7gtys6vx02ymj HTTP/1.1" 201 -
2020-07-25 19:09:34,122 DEBUG: [app.py:249] : Query parameters for long-running-query: 
2020-07-25 19:09:34,122 DEBUG: [app.py:249] : Query parameters for report_sql_monitor_active: 
2020-07-25 19:09:34,123 DEBUG: [app.py:250] : Parameter names        : ['sql_id']
2020-07-25 19:09:34,123 DEBUG: [app.py:250] : Parameter names        : ['sql_id']
2020-07-25 19:09:34,123 DEBUG: [app.py:251] : Parameter values       : ['7gtys6vx02ymj']
2020-07-25 19:09:34,123 DEBUG: [app.py:251] : Parameter values       : ['7gtys6vx02ymj']
2020-07-25 19:09:34,124 INFO: [_internal.py:122] : 127.0.0.1 - - [25/Jul/2020 19:09:34] "POST /query_execution/report_sql_monitor_active?sql_id=7gtys6vx02ymj HTTP/1.1" 201 -
2020-07-25 19:09:34,124 DEBUG: [app.py:98] : DB Connection: <cx_Oracle.Connection to admin@(DESCRIPTION=(ADDRESS=(PROTOCOL=TCP)(HOST=localhost)(PORT=1522))(CONNECT_DATA=(SERVICE_NAME=testdb)))>
2020-07-25 19:09:34,124 DEBUG: [app.py:99] : Query to be executed: 
SELECT
  sid
, serial#
, opname
, target
, target_desc
, sofar
, totalwork
, units
, start_time
, last_update_time
, timestamp
, time_remaining
, elapsed_seconds
, context
, message
, username
, sql_address
, sql_hash_value
, sql_id
, sql_plan_hash_value
, sql_exec_start
, sql_exec_id
, sql_plan_line_id
, sql_plan_operation
, sql_plan_options
, qcsid
FROM
    V$SESSION_LONGOPS
WHERE
    sql_id = :sqlid

2020-07-25 19:09:34,124 DEBUG: [app.py:100] : Parameters for the Query: ['7gtys6vx02ymj']
2020-07-25 19:09:34,128 DEBUG: [app.py:143] : Sample Result
2020-07-25 19:09:34,128 DEBUG: [app.py:145] : ['SID', 'SERIAL#', 'OPNAME', 'TARGET', 'TARGET_DESC', 'SOFAR', 'TOTALWORK', 'UNITS', 'START_TIME', 'LAST_UPDATE_TIME', 'TIMESTAMP', 'TIME_REMAINING', 'ELAPSED_SECONDS', 'CONTEXT', 'MESSAGE', 'USERNAME', 'SQL_ADDRESS', 'SQL_HASH_VALUE', 'SQL_ID', 'SQL_PLAN_HASH_VALUE', 'SQL_EXEC_START', 'SQL_EXEC_ID', 'SQL_PLAN_LINE_ID', 'SQL_PLAN_OPERATION', 'SQL_PLAN_OPTIONS', 'QCSID']
2020-07-25 19:09:34,128 INFO: [_internal.py:122] : 127.0.0.1 - - [25/Jul/2020 19:09:34] "POST /query_execution/long-running-query?sql_id=7gtys6vx02ymj HTTP/1.1" 201 -
2020-07-25 19:11:19,923 INFO: [_internal.py:122] : 127.0.0.1 - - [25/Jul/2020 19:11:19] "GET / HTTP/1.1" 200 -
2020-07-25 19:11:19,955 INFO: [_internal.py:122] : 127.0.0.1 - - [25/Jul/2020 19:11:19] "GET /static/js/app.js HTTP/1.1" 200 -
2020-07-25 19:11:20,163 INFO: [_internal.py:122] : 127.0.0.1 - - [25/Jul/2020 19:11:20] "GET /static/js/api-calls.js HTTP/1.1" 200 -
2020-07-25 19:11:20,255 INFO: [_internal.py:122] : 127.0.0.1 - - [25/Jul/2020 19:11:20] "GET /static/js/auto-refresh-setup.js HTTP/1.1" 200 -
2020-07-25 19:11:20,256 INFO: [_internal.py:122] : 127.0.0.1 - - [25/Jul/2020 19:11:20] "GET /static/js/common.js HTTP/1.1" 200 -
2020-07-25 19:11:21,132 INFO: [_internal.py:122] : 127.0.0.1 - - [25/Jul/2020 19:11:21] "GET /static/js/query-execution-worker.js HTTP/1.1" 200 -
2020-07-25 19:11:21,134 INFO: [_internal.py:122] : 127.0.0.1 - - [25/Jul/2020 19:11:21] "GET /static/js/query-execution-worker.js HTTP/1.1" 200 -
2020-07-25 19:11:21,385 DEBUG: [app.py:249] : Query parameters for long-running-queries: 
2020-07-25 19:11:21,385 DEBUG: [app.py:250] : Parameter names        : []
2020-07-25 19:11:21,385 DEBUG: [app.py:251] : Parameter values       : []
2020-07-25 19:11:21,385 DEBUG: [app.py:98] : DB Connection: <cx_Oracle.Connection to admin@(DESCRIPTION=(ADDRESS=(PROTOCOL=TCP)(HOST=localhost)(PORT=1522))(CONNECT_DATA=(SERVICE_NAME=testdb)))>
2020-07-25 19:11:21,385 DEBUG: [app.py:99] : Query to be executed: 
SELECT
  sid
, serial#
, opname
, target
, target_desc
, sofar
, totalwork
, units
, start_time
, last_update_time
, timestamp
, time_remaining
, elapsed_seconds
, context
, message
, username
, sql_address
, sql_hash_value
, sql_id
, sql_plan_hash_value
, sql_exec_start
, sql_exec_id
, sql_plan_line_id
, sql_plan_operation
, sql_plan_options
, qcsid
FROM
    V$SESSION_LONGOPS
WHERE
    sofar <> totalwork

2020-07-25 19:11:21,385 DEBUG: [app.py:100] : Parameters for the Query: None
2020-07-25 19:11:21,387 DEBUG: [app.py:143] : Sample Result
2020-07-25 19:11:21,387 DEBUG: [app.py:145] : ['SID', 'SERIAL#', 'OPNAME', 'TARGET', 'TARGET_DESC', 'SOFAR', 'TOTALWORK', 'UNITS', 'START_TIME', 'LAST_UPDATE_TIME', 'TIMESTAMP', 'TIME_REMAINING', 'ELAPSED_SECONDS', 'CONTEXT', 'MESSAGE', 'USERNAME', 'SQL_ADDRESS', 'SQL_HASH_VALUE', 'SQL_ID', 'SQL_PLAN_HASH_VALUE', 'SQL_EXEC_START', 'SQL_EXEC_ID', 'SQL_PLAN_LINE_ID', 'SQL_PLAN_OPERATION', 'SQL_PLAN_OPTIONS', 'QCSID']
2020-07-25 19:11:21,387 INFO: [_internal.py:122] : 127.0.0.1 - - [25/Jul/2020 19:11:21] "POST /query_execution/long-running-queries HTTP/1.1" 201 -
2020-07-25 19:11:21,444 DEBUG: [app.py:249] : Query parameters for queries-resource-usage: 
2020-07-25 19:11:21,444 DEBUG: [app.py:250] : Parameter names        : []
2020-07-25 19:11:21,444 DEBUG: [app.py:251] : Parameter values       : []
2020-07-25 19:11:21,444 DEBUG: [app.py:98] : DB Connection: <cx_Oracle.Connection to admin@(DESCRIPTION=(ADDRESS=(PROTOCOL=TCP)(HOST=localhost)(PORT=1522))(CONNECT_DATA=(SERVICE_NAME=testdb)))>
2020-07-25 19:11:21,444 DEBUG: [app.py:99] : Query to be executed: 
SELECT s.parsing_schema_name schema,
       t.sql_id,
       to_char(t.last_active_time,'yyyy-mm-dd:hh24:mi:ss') last_active_time,
       t.sql_text,
       t.disk_reads,
       t.buffer_gets,
       t.fetches,
       t.sorts,
       t.cpu_time/1000000 cpu,
       t.rows_processed
FROM V$SQLSTATS t,
     V$SQL s
WHERE t.sql_id = s.sql_id
ORDER BY t.last_active_time DESC

2020-07-25 19:11:21,444 DEBUG: [app.py:100] : Parameters for the Query: None
2020-07-25 19:11:21,554 DEBUG: [app.py:143] : Sample Result
2020-07-25 19:11:21,554 DEBUG: [app.py:145] : ['SCHEMA', 'SQL_ID', 'LAST_ACTIVE_TIME', 'SQL_TEXT', 'DISK_READS', 'BUFFER_GETS', 'FETCHES', 'SORTS', 'CPU', 'ROWS_PROCESSED']
2020-07-25 19:11:21,554 DEBUG: [app.py:145] : ['ADMIN', '7kngmdwtb1dsh', '2020-07-25:19:11:20', " SELECT s.parsing_schema_name schema,        t.sql_id,        to_char(t.last_active_time,'yyyy-mm-dd:hh24:mi:ss') last_active_time,        t.sql_text,        t.disk_reads,        t.buffer_gets,        t.fetches,        t.sorts,        t.cpu_time/1000000 cpu,        t.rows_processed FROM V$SQLSTATS t,      V$SQL s WHERE t.sql_id = s.sql_id ORDER BY t.last_active_time DESC ", '0', '4', '4622', '59', '2.734375', '455226']
2020-07-25 19:11:21,554 DEBUG: [app.py:145] : ['SYSMAN', '2b064ybzkwf1y', '2020-07-25:19:11:20', 'BEGIN EMD_NOTIFICATION.QUEUE_READY(:1, :2, :3); END;', '11', '488680', '0', '0', '13.1875', '378']
2020-07-25 19:11:21,554 DEBUG: [app.py:145] : ['ADMIN', '7gtys6vx02ymj', '2020-07-25:19:11:20', ' SELECT   sid , serial# , opname , target , target_desc , sofar , totalwork , units , start_time , last_update_time , timestamp , time_remaining , elapsed_seconds , context , message , username , sql_address , sql_hash_value , sql_id , sql_plan_hash_value , sql_exec_start , sql_exec_id , sql_plan_line_id , sql_plan_operation , sql_plan_options , qcsid FROM     V$SESSION_LONGOPS WHERE     sofar <> totalwork ', '0', '124', '154', '0', '0.0625', '0']
2020-07-25 19:11:21,554 DEBUG: [app.py:145] : ['SYS', '5ms6rbzdnq16t', '2020-07-25:19:11:19', "select job, nvl2(last_date, 1, 0) from sys.job$ where (((:1 <= next_date) and (next_date <= :2))    or  ((last_date is null) and (next_date < :3))) and (field1 = :4 or (field1 = 0 and 'Y' = :5)) and (this_date is null) and ((dbms_logstdby.db_is_logstdby = 0 and job < 1000000000) or  (dbms_logstdby.db_is_logstdby = 1 and job >= 1000000000)) order by next_date, job", '0', '121093', '40330', '-25206', '0.46875', '3720']
2020-07-25 19:11:21,618 INFO: [_internal.py:122] : 127.0.0.1 - - [25/Jul/2020 19:11:21] "POST /query_execution/queries-resource-usage HTTP/1.1" 201 -
2020-07-25 19:11:22,274 INFO: [_internal.py:122] : 127.0.0.1 - - [25/Jul/2020 19:11:22] "GET /favicon.ico HTTP/1.1" 404 -
2020-07-25 19:11:30,624 INFO: [_internal.py:122] : 127.0.0.1 - - [25/Jul/2020 19:11:30] "GET /static/js/query-execution-worker.js HTTP/1.1" 200 -
2020-07-25 19:11:30,625 INFO: [_internal.py:122] : 127.0.0.1 - - [25/Jul/2020 19:11:30] "GET /static/js/query-execution-worker.js HTTP/1.1" 200 -
2020-07-25 19:11:30,627 INFO: [_internal.py:122] : 127.0.0.1 - - [25/Jul/2020 19:11:30] "GET /static/js/query-execution-worker.js HTTP/1.1" 200 -
2020-07-25 19:11:30,628 INFO: [_internal.py:122] : 127.0.0.1 - - [25/Jul/2020 19:11:30] "GET /static/js/query-execution-worker.js HTTP/1.1" 200 -
2020-07-25 19:11:30,876 DEBUG: [app.py:249] : Query parameters for query-resource-usage: 
2020-07-25 19:11:30,876 DEBUG: [app.py:250] : Parameter names        : ['sql_id']
2020-07-25 19:11:30,876 DEBUG: [app.py:251] : Parameter values       : ['7kngmdwtb1dsh']
2020-07-25 19:11:30,877 DEBUG: [app.py:98] : DB Connection: <cx_Oracle.Connection to admin@(DESCRIPTION=(ADDRESS=(PROTOCOL=TCP)(HOST=localhost)(PORT=1522))(CONNECT_DATA=(SERVICE_NAME=testdb)))>
2020-07-25 19:11:30,877 DEBUG: [app.py:99] : Query to be executed: 
SELECT * 
FROM (SELECT sql_id, 
             to_char(sql_exec_start,'yyyy-mm-dd:hh24:mi:ss') sql_exec_start,
             sql_exec_id, 
             sum(buffer_gets) buffer_gets,
             sum(disk_reads) disk_reads, 
             round(sum(cpu_time/1000000),1) cpu_secs
      FROM v$sql_monitor
      WHERE sql_id = :sql_id
      GROUP BY sql_id, sql_exec_start, sql_exec_id
      ORDER BY 2 desc)
WHERE rownum <= 50

2020-07-25 19:11:30,877 DEBUG: [app.py:100] : Parameters for the Query: ['7kngmdwtb1dsh']
2020-07-25 19:11:30,878 DEBUG: [app.py:143] : Sample Result
2020-07-25 19:11:30,878 DEBUG: [app.py:145] : ['SQL_ID', 'SQL_EXEC_START', 'SQL_EXEC_ID', 'BUFFER_GETS', 'DISK_READS', 'CPU_SECS']
2020-07-25 19:11:30,880 INFO: [_internal.py:122] : 127.0.0.1 - - [25/Jul/2020 19:11:30] "POST /query_execution/query-resource-usage?sql_id=7kngmdwtb1dsh HTTP/1.1" 201 -
2020-07-25 19:11:30,939 DEBUG: [app.py:249] : Query parameters for long-running-query: 
2020-07-25 19:11:30,939 DEBUG: [app.py:250] : Parameter names        : ['sql_id']
2020-07-25 19:11:30,939 DEBUG: [app.py:251] : Parameter values       : ['7kngmdwtb1dsh']
2020-07-25 19:11:30,939 DEBUG: [app.py:98] : DB Connection: <cx_Oracle.Connection to admin@(DESCRIPTION=(ADDRESS=(PROTOCOL=TCP)(HOST=localhost)(PORT=1522))(CONNECT_DATA=(SERVICE_NAME=testdb)))>
2020-07-25 19:11:30,939 DEBUG: [app.py:99] : Query to be executed: 
SELECT
  sid
, serial#
, opname
, target
, target_desc
, sofar
, totalwork
, units
, start_time
, last_update_time
, timestamp
, time_remaining
, elapsed_seconds
, context
, message
, username
, sql_address
, sql_hash_value
, sql_id
, sql_plan_hash_value
, sql_exec_start
, sql_exec_id
, sql_plan_line_id
, sql_plan_operation
, sql_plan_options
, qcsid
FROM
    V$SESSION_LONGOPS
WHERE
    sql_id = :sqlid

2020-07-25 19:11:30,939 DEBUG: [app.py:100] : Parameters for the Query: ['7kngmdwtb1dsh']
2020-07-25 19:11:30,941 DEBUG: [app.py:249] : Query parameters for report_sql_monitor_active: 
2020-07-25 19:11:30,941 DEBUG: [app.py:250] : Parameter names        : ['sql_id']
2020-07-25 19:11:30,942 DEBUG: [app.py:251] : Parameter values       : ['7kngmdwtb1dsh']
2020-07-25 19:11:30,942 INFO: [_internal.py:122] : 127.0.0.1 - - [25/Jul/2020 19:11:30] "POST /query_execution/report_sql_monitor_active?sql_id=7kngmdwtb1dsh HTTP/1.1" 201 -
2020-07-25 19:11:30,942 DEBUG: [app.py:143] : Sample Result
2020-07-25 19:11:30,943 DEBUG: [app.py:145] : ['SID', 'SERIAL#', 'OPNAME', 'TARGET', 'TARGET_DESC', 'SOFAR', 'TOTALWORK', 'UNITS', 'START_TIME', 'LAST_UPDATE_TIME', 'TIMESTAMP', 'TIME_REMAINING', 'ELAPSED_SECONDS', 'CONTEXT', 'MESSAGE', 'USERNAME', 'SQL_ADDRESS', 'SQL_HASH_VALUE', 'SQL_ID', 'SQL_PLAN_HASH_VALUE', 'SQL_EXEC_START', 'SQL_EXEC_ID', 'SQL_PLAN_LINE_ID', 'SQL_PLAN_OPERATION', 'SQL_PLAN_OPTIONS', 'QCSID']
2020-07-25 19:11:30,943 INFO: [_internal.py:122] : 127.0.0.1 - - [25/Jul/2020 19:11:30] "POST /query_execution/long-running-query?sql_id=7kngmdwtb1dsh HTTP/1.1" 201 -
2020-07-25 19:11:30,955 DEBUG: [app.py:249] : Query parameters for get_sql_text: 
2020-07-25 19:11:30,955 DEBUG: [app.py:250] : Parameter names        : ['sql_id']
2020-07-25 19:11:30,956 DEBUG: [app.py:251] : Parameter values       : ['7kngmdwtb1dsh']
2020-07-25 19:11:30,956 INFO: [_internal.py:122] : 127.0.0.1 - - [25/Jul/2020 19:11:30] "POST /query_execution/get_sql_text?sql_id=7kngmdwtb1dsh HTTP/1.1" 201 -
2020-07-25 19:13:33,652 INFO: [_internal.py:122] : 127.0.0.1 - - [25/Jul/2020 19:13:33] "GET / HTTP/1.1" 200 -
2020-07-25 19:13:33,684 INFO: [_internal.py:122] : 127.0.0.1 - - [25/Jul/2020 19:13:33] "GET /static/js/app.js HTTP/1.1" 200 -
2020-07-25 19:13:33,892 INFO: [_internal.py:122] : 127.0.0.1 - - [25/Jul/2020 19:13:33] "GET /static/js/api-calls.js HTTP/1.1" 200 -
2020-07-25 19:13:33,983 INFO: [_internal.py:122] : 127.0.0.1 - - [25/Jul/2020 19:13:33] "GET /static/js/auto-refresh-setup.js HTTP/1.1" 200 -
2020-07-25 19:13:33,984 INFO: [_internal.py:122] : 127.0.0.1 - - [25/Jul/2020 19:13:33] "GET /static/js/common.js HTTP/1.1" 200 -
2020-07-25 19:13:34,697 INFO: [_internal.py:122] : 127.0.0.1 - - [25/Jul/2020 19:13:34] "GET /static/js/query-execution-worker.js HTTP/1.1" 200 -
2020-07-25 19:13:34,698 INFO: [_internal.py:122] : 127.0.0.1 - - [25/Jul/2020 19:13:34] "GET /static/js/query-execution-worker.js HTTP/1.1" 200 -
2020-07-25 19:13:34,948 DEBUG: [app.py:249] : Query parameters for long-running-queries: 
2020-07-25 19:13:34,948 DEBUG: [app.py:250] : Parameter names        : []
2020-07-25 19:13:34,948 DEBUG: [app.py:251] : Parameter values       : []
2020-07-25 19:13:34,948 DEBUG: [app.py:98] : DB Connection: <cx_Oracle.Connection to admin@(DESCRIPTION=(ADDRESS=(PROTOCOL=TCP)(HOST=localhost)(PORT=1522))(CONNECT_DATA=(SERVICE_NAME=testdb)))>
2020-07-25 19:13:34,948 DEBUG: [app.py:99] : Query to be executed: 
SELECT
  sid
, serial#
, opname
, target
, target_desc
, sofar
, totalwork
, units
, start_time
, last_update_time
, timestamp
, time_remaining
, elapsed_seconds
, context
, message
, username
, sql_address
, sql_hash_value
, sql_id
, sql_plan_hash_value
, sql_exec_start
, sql_exec_id
, sql_plan_line_id
, sql_plan_operation
, sql_plan_options
, qcsid
FROM
    V$SESSION_LONGOPS
WHERE
    sofar <> totalwork

2020-07-25 19:13:34,949 DEBUG: [app.py:100] : Parameters for the Query: None
2020-07-25 19:13:34,950 DEBUG: [app.py:143] : Sample Result
2020-07-25 19:13:34,950 DEBUG: [app.py:145] : ['SID', 'SERIAL#', 'OPNAME', 'TARGET', 'TARGET_DESC', 'SOFAR', 'TOTALWORK', 'UNITS', 'START_TIME', 'LAST_UPDATE_TIME', 'TIMESTAMP', 'TIME_REMAINING', 'ELAPSED_SECONDS', 'CONTEXT', 'MESSAGE', 'USERNAME', 'SQL_ADDRESS', 'SQL_HASH_VALUE', 'SQL_ID', 'SQL_PLAN_HASH_VALUE', 'SQL_EXEC_START', 'SQL_EXEC_ID', 'SQL_PLAN_LINE_ID', 'SQL_PLAN_OPERATION', 'SQL_PLAN_OPTIONS', 'QCSID']
2020-07-25 19:13:34,951 INFO: [_internal.py:122] : 127.0.0.1 - - [25/Jul/2020 19:13:34] "POST /query_execution/long-running-queries HTTP/1.1" 201 -
2020-07-25 19:13:35,010 DEBUG: [app.py:249] : Query parameters for queries-resource-usage: 
2020-07-25 19:13:35,010 DEBUG: [app.py:250] : Parameter names        : []
2020-07-25 19:13:35,011 DEBUG: [app.py:251] : Parameter values       : []
2020-07-25 19:13:35,011 DEBUG: [app.py:98] : DB Connection: <cx_Oracle.Connection to admin@(DESCRIPTION=(ADDRESS=(PROTOCOL=TCP)(HOST=localhost)(PORT=1522))(CONNECT_DATA=(SERVICE_NAME=testdb)))>
2020-07-25 19:13:35,011 DEBUG: [app.py:99] : Query to be executed: 
SELECT s.parsing_schema_name schema,
       t.sql_id,
       to_char(t.last_active_time,'yyyy-mm-dd:hh24:mi:ss') last_active_time,
       t.sql_text,
       t.disk_reads,
       t.buffer_gets,
       t.fetches,
       t.sorts,
       t.cpu_time/1000000 cpu,
       t.rows_processed
FROM V$SQLSTATS t,
     V$SQL s
WHERE t.sql_id = s.sql_id
ORDER BY t.last_active_time DESC

2020-07-25 19:13:35,011 DEBUG: [app.py:100] : Parameters for the Query: None
2020-07-25 19:13:35,118 DEBUG: [app.py:143] : Sample Result
2020-07-25 19:13:35,118 DEBUG: [app.py:145] : ['SCHEMA', 'SQL_ID', 'LAST_ACTIVE_TIME', 'SQL_TEXT', 'DISK_READS', 'BUFFER_GETS', 'FETCHES', 'SORTS', 'CPU', 'ROWS_PROCESSED']
2020-07-25 19:13:35,118 DEBUG: [app.py:145] : ['SYSMAN', '4y6zhv13yf146', '2020-07-25:19:13:34', 'SELECT DISTINCT OBJECT_TYPE FROM MGMT_HTTP_SESSION_OBJECTS WHERE SESSION_ID=:B1 ', '0', '3', '12382', '0', '0.15625', '0']
2020-07-25 19:13:35,118 DEBUG: [app.py:145] : ['ADMIN', '7gtys6vx02ymj', '2020-07-25:19:13:34', ' SELECT   sid , serial# , opname , target , target_desc , sofar , totalwork , units , start_time , last_update_time , timestamp , time_remaining , elapsed_seconds , context , message , username , sql_address , sql_hash_value , sql_id , sql_plan_hash_value , sql_exec_start , sql_exec_id , sql_plan_line_id , sql_plan_operation , sql_plan_options , qcsid FROM     V$SESSION_LONGOPS WHERE     sofar <> totalwork ', '0', '124', '155', '0', '0.0625', '0']
2020-07-25 19:13:35,118 DEBUG: [app.py:145] : ['SYS', '772s25v1y0x8k', '2020-07-25:19:13:34', 'select shared_pool_size_for_estimate s,          shared_pool_size_factor * 100 f,          estd_lc_load_time l, 0             from v$shared_pool_advice', '0', '7', '127355', '0', '0.03125', '120621']
2020-07-25 19:13:35,118 DEBUG: [app.py:145] : ['SYS', '8p447s6p0rv6b', '2020-07-25:19:13:34', 'select java_pool_size_for_estimate s,           java_pool_size_factor * 100 f,           estd_lc_load_time l, 0            from v$java_pool_advice', '0', '7', '20202', '0', '0', '13468']
2020-07-25 19:13:35,180 INFO: [_internal.py:122] : 127.0.0.1 - - [25/Jul/2020 19:13:35] "POST /query_execution/queries-resource-usage HTTP/1.1" 201 -
2020-07-25 19:13:35,759 INFO: [_internal.py:122] : 127.0.0.1 - - [25/Jul/2020 19:13:35] "GET /favicon.ico HTTP/1.1" 404 -
2020-07-25 19:15:10,506 INFO: [_internal.py:122] : 127.0.0.1 - - [25/Jul/2020 19:15:10] "GET /static/js/query-execution-worker.js HTTP/1.1" 200 -
2020-07-25 19:15:10,506 INFO: [_internal.py:122] : 127.0.0.1 - - [25/Jul/2020 19:15:10] "GET /static/js/query-execution-worker.js HTTP/1.1" 200 -
2020-07-25 19:15:10,507 INFO: [_internal.py:122] : 127.0.0.1 - - [25/Jul/2020 19:15:10] "GET /static/js/query-execution-worker.js HTTP/1.1" 200 -
2020-07-25 19:15:10,509 INFO: [_internal.py:122] : 127.0.0.1 - - [25/Jul/2020 19:15:10] "GET /static/js/query-execution-worker.js HTTP/1.1" 200 -
2020-07-25 19:15:10,755 DEBUG: [app.py:249] : Query parameters for long-running-query: 
2020-07-25 19:15:10,756 DEBUG: [app.py:250] : Parameter names        : ['sql_id']
2020-07-25 19:15:10,756 DEBUG: [app.py:251] : Parameter values       : ['7gtys6vx02ymj']
2020-07-25 19:15:10,756 DEBUG: [app.py:98] : DB Connection: <cx_Oracle.Connection to admin@(DESCRIPTION=(ADDRESS=(PROTOCOL=TCP)(HOST=localhost)(PORT=1522))(CONNECT_DATA=(SERVICE_NAME=testdb)))>
2020-07-25 19:15:10,756 DEBUG: [app.py:99] : Query to be executed: 
SELECT
  sid
, serial#
, opname
, target
, target_desc
, sofar
, totalwork
, units
, start_time
, last_update_time
, timestamp
, time_remaining
, elapsed_seconds
, context
, message
, username
, sql_address
, sql_hash_value
, sql_id
, sql_plan_hash_value
, sql_exec_start
, sql_exec_id
, sql_plan_line_id
, sql_plan_operation
, sql_plan_options
, qcsid
FROM
    V$SESSION_LONGOPS
WHERE
    sql_id = :sqlid

2020-07-25 19:15:10,756 DEBUG: [app.py:100] : Parameters for the Query: ['7gtys6vx02ymj']
2020-07-25 19:15:10,757 DEBUG: [app.py:143] : Sample Result
2020-07-25 19:15:10,758 DEBUG: [app.py:145] : ['SID', 'SERIAL#', 'OPNAME', 'TARGET', 'TARGET_DESC', 'SOFAR', 'TOTALWORK', 'UNITS', 'START_TIME', 'LAST_UPDATE_TIME', 'TIMESTAMP', 'TIME_REMAINING', 'ELAPSED_SECONDS', 'CONTEXT', 'MESSAGE', 'USERNAME', 'SQL_ADDRESS', 'SQL_HASH_VALUE', 'SQL_ID', 'SQL_PLAN_HASH_VALUE', 'SQL_EXEC_START', 'SQL_EXEC_ID', 'SQL_PLAN_LINE_ID', 'SQL_PLAN_OPERATION', 'SQL_PLAN_OPTIONS', 'QCSID']
2020-07-25 19:15:10,758 INFO: [_internal.py:122] : 127.0.0.1 - - [25/Jul/2020 19:15:10] "POST /query_execution/long-running-query?sql_id=7gtys6vx02ymj HTTP/1.1" 201 -
2020-07-25 19:15:10,821 DEBUG: [app.py:249] : Query parameters for query-resource-usage: 
2020-07-25 19:15:10,822 DEBUG: [app.py:250] : Parameter names        : ['sql_id']
2020-07-25 19:15:10,822 DEBUG: [app.py:249] : Query parameters for report_sql_monitor_active: 
2020-07-25 19:15:10,823 DEBUG: [app.py:251] : Parameter values       : ['7gtys6vx02ymj']
2020-07-25 19:15:10,823 DEBUG: [app.py:249] : Query parameters for get_sql_text: 
2020-07-25 19:15:10,824 DEBUG: [app.py:250] : Parameter names        : ['sql_id']
2020-07-25 19:15:10,824 DEBUG: [app.py:251] : Parameter values       : ['7gtys6vx02ymj']
2020-07-25 19:15:10,824 DEBUG: [app.py:250] : Parameter names        : ['sql_id']
2020-07-25 19:15:10,825 DEBUG: [app.py:251] : Parameter values       : ['7gtys6vx02ymj']
2020-07-25 19:15:10,824 INFO: [_internal.py:122] : 127.0.0.1 - - [25/Jul/2020 19:15:10] "POST /query_execution/get_sql_text?sql_id=7gtys6vx02ymj HTTP/1.1" 201 -
2020-07-25 19:15:10,824 DEBUG: [app.py:98] : DB Connection: <cx_Oracle.Connection to admin@(DESCRIPTION=(ADDRESS=(PROTOCOL=TCP)(HOST=localhost)(PORT=1522))(CONNECT_DATA=(SERVICE_NAME=testdb)))>
2020-07-25 19:15:10,825 INFO: [_internal.py:122] : 127.0.0.1 - - [25/Jul/2020 19:15:10] "POST /query_execution/report_sql_monitor_active?sql_id=7gtys6vx02ymj HTTP/1.1" 201 -
2020-07-25 19:15:10,826 DEBUG: [app.py:99] : Query to be executed: 
SELECT * 
FROM (SELECT sql_id, 
             to_char(sql_exec_start,'yyyy-mm-dd:hh24:mi:ss') sql_exec_start,
             sql_exec_id, 
             sum(buffer_gets) buffer_gets,
             sum(disk_reads) disk_reads, 
             round(sum(cpu_time/1000000),1) cpu_secs
      FROM v$sql_monitor
      WHERE sql_id = :sql_id
      GROUP BY sql_id, sql_exec_start, sql_exec_id
      ORDER BY 2 desc)
WHERE rownum <= 50

2020-07-25 19:15:10,826 DEBUG: [app.py:100] : Parameters for the Query: ['7gtys6vx02ymj']
2020-07-25 19:15:10,827 DEBUG: [app.py:143] : Sample Result
2020-07-25 19:15:10,827 DEBUG: [app.py:145] : ['SQL_ID', 'SQL_EXEC_START', 'SQL_EXEC_ID', 'BUFFER_GETS', 'DISK_READS', 'CPU_SECS']
2020-07-25 19:15:10,828 INFO: [_internal.py:122] : 127.0.0.1 - - [25/Jul/2020 19:15:10] "POST /query_execution/query-resource-usage?sql_id=7gtys6vx02ymj HTTP/1.1" 201 -
2020-07-25 19:17:38,205 INFO: [_internal.py:122] : 127.0.0.1 - - [25/Jul/2020 19:17:38] "GET /static/js/query-execution-worker.js HTTP/1.1" 200 -
2020-07-25 19:17:38,206 INFO: [_internal.py:122] : 127.0.0.1 - - [25/Jul/2020 19:17:38] "GET /static/js/query-execution-worker.js HTTP/1.1" 200 -
2020-07-25 19:17:38,206 INFO: [_internal.py:122] : 127.0.0.1 - - [25/Jul/2020 19:17:38] "GET /static/js/query-execution-worker.js HTTP/1.1" 200 -
2020-07-25 19:17:38,207 INFO: [_internal.py:122] : 127.0.0.1 - - [25/Jul/2020 19:17:38] "GET /static/js/query-execution-worker.js HTTP/1.1" 200 -
2020-07-25 19:17:38,452 DEBUG: [app.py:249] : Query parameters for report_sql_monitor_active: 
2020-07-25 19:17:38,452 DEBUG: [app.py:250] : Parameter names        : ['sql_id']
2020-07-25 19:17:38,452 DEBUG: [app.py:251] : Parameter values       : ['7kngmdwtb1dsh']
2020-07-25 19:17:38,453 INFO: [_internal.py:122] : 127.0.0.1 - - [25/Jul/2020 19:17:38] "POST /query_execution/report_sql_monitor_active?sql_id=7kngmdwtb1dsh HTTP/1.1" 201 -
2020-07-25 19:17:38,523 DEBUG: [app.py:249] : Query parameters for query-resource-usage: 
2020-07-25 19:17:38,523 DEBUG: [app.py:250] : Parameter names        : ['sql_id']
2020-07-25 19:17:38,523 DEBUG: [app.py:251] : Parameter values       : ['7kngmdwtb1dsh']
2020-07-25 19:17:38,523 DEBUG: [app.py:98] : DB Connection: <cx_Oracle.Connection to admin@(DESCRIPTION=(ADDRESS=(PROTOCOL=TCP)(HOST=localhost)(PORT=1522))(CONNECT_DATA=(SERVICE_NAME=testdb)))>
2020-07-25 19:17:38,523 DEBUG: [app.py:99] : Query to be executed: 
SELECT * 
FROM (SELECT sql_id, 
             to_char(sql_exec_start,'yyyy-mm-dd:hh24:mi:ss') sql_exec_start,
             sql_exec_id, 
             sum(buffer_gets) buffer_gets,
             sum(disk_reads) disk_reads, 
             round(sum(cpu_time/1000000),1) cpu_secs
      FROM v$sql_monitor
      WHERE sql_id = :sql_id
      GROUP BY sql_id, sql_exec_start, sql_exec_id
      ORDER BY 2 desc)
WHERE rownum <= 50

2020-07-25 19:17:38,523 DEBUG: [app.py:100] : Parameters for the Query: ['7kngmdwtb1dsh']
2020-07-25 19:17:38,525 DEBUG: [app.py:143] : Sample Result
2020-07-25 19:17:38,525 DEBUG: [app.py:145] : ['SQL_ID', 'SQL_EXEC_START', 'SQL_EXEC_ID', 'BUFFER_GETS', 'DISK_READS', 'CPU_SECS']
2020-07-25 19:17:38,525 INFO: [_internal.py:122] : 127.0.0.1 - - [25/Jul/2020 19:17:38] "POST /query_execution/query-resource-usage?sql_id=7kngmdwtb1dsh HTTP/1.1" 201 -
2020-07-25 19:17:38,542 DEBUG: [app.py:249] : Query parameters for long-running-query: 
2020-07-25 19:17:38,543 DEBUG: [app.py:249] : Query parameters for get_sql_text: 
2020-07-25 19:17:38,543 DEBUG: [app.py:250] : Parameter names        : ['sql_id']
2020-07-25 19:17:38,543 DEBUG: [app.py:250] : Parameter names        : ['sql_id']
2020-07-25 19:17:38,543 DEBUG: [app.py:251] : Parameter values       : ['7kngmdwtb1dsh']
2020-07-25 19:17:38,543 DEBUG: [app.py:251] : Parameter values       : ['7kngmdwtb1dsh']
2020-07-25 19:17:38,543 DEBUG: [app.py:98] : DB Connection: <cx_Oracle.Connection to admin@(DESCRIPTION=(ADDRESS=(PROTOCOL=TCP)(HOST=localhost)(PORT=1522))(CONNECT_DATA=(SERVICE_NAME=testdb)))>
2020-07-25 19:17:38,544 INFO: [_internal.py:122] : 127.0.0.1 - - [25/Jul/2020 19:17:38] "POST /query_execution/get_sql_text?sql_id=7kngmdwtb1dsh HTTP/1.1" 201 -
2020-07-25 19:17:38,544 DEBUG: [app.py:99] : Query to be executed: 
SELECT
  sid
, serial#
, opname
, target
, target_desc
, sofar
, totalwork
, units
, start_time
, last_update_time
, timestamp
, time_remaining
, elapsed_seconds
, context
, message
, username
, sql_address
, sql_hash_value
, sql_id
, sql_plan_hash_value
, sql_exec_start
, sql_exec_id
, sql_plan_line_id
, sql_plan_operation
, sql_plan_options
, qcsid
FROM
    V$SESSION_LONGOPS
WHERE
    sql_id = :sqlid

2020-07-25 19:17:38,544 DEBUG: [app.py:100] : Parameters for the Query: ['7kngmdwtb1dsh']
2020-07-25 19:17:38,547 DEBUG: [app.py:143] : Sample Result
2020-07-25 19:17:38,547 DEBUG: [app.py:145] : ['SID', 'SERIAL#', 'OPNAME', 'TARGET', 'TARGET_DESC', 'SOFAR', 'TOTALWORK', 'UNITS', 'START_TIME', 'LAST_UPDATE_TIME', 'TIMESTAMP', 'TIME_REMAINING', 'ELAPSED_SECONDS', 'CONTEXT', 'MESSAGE', 'USERNAME', 'SQL_ADDRESS', 'SQL_HASH_VALUE', 'SQL_ID', 'SQL_PLAN_HASH_VALUE', 'SQL_EXEC_START', 'SQL_EXEC_ID', 'SQL_PLAN_LINE_ID', 'SQL_PLAN_OPERATION', 'SQL_PLAN_OPTIONS', 'QCSID']
2020-07-25 19:17:38,548 INFO: [_internal.py:122] : 127.0.0.1 - - [25/Jul/2020 19:17:38] "POST /query_execution/long-running-query?sql_id=7kngmdwtb1dsh HTTP/1.1" 201 -
2020-07-25 19:20:52,426 INFO: [_internal.py:122] : 127.0.0.1 - - [25/Jul/2020 19:20:52] "GET / HTTP/1.1" 200 -
2020-07-25 19:20:52,467 INFO: [_internal.py:122] : 127.0.0.1 - - [25/Jul/2020 19:20:52] "GET /static/js/app.js HTTP/1.1" 200 -
2020-07-25 19:20:52,665 INFO: [_internal.py:122] : 127.0.0.1 - - [25/Jul/2020 19:20:52] "GET /static/js/api-calls.js HTTP/1.1" 200 -
2020-07-25 19:20:52,768 INFO: [_internal.py:122] : 127.0.0.1 - - [25/Jul/2020 19:20:52] "GET /static/js/auto-refresh-setup.js HTTP/1.1" 200 -
2020-07-25 19:20:52,768 INFO: [_internal.py:122] : 127.0.0.1 - - [25/Jul/2020 19:20:52] "GET /static/js/common.js HTTP/1.1" 200 -
2020-07-25 19:20:53,541 INFO: [_internal.py:122] : 127.0.0.1 - - [25/Jul/2020 19:20:53] "GET /static/js/query-execution-worker.js HTTP/1.1" 200 -
2020-07-25 19:20:53,541 INFO: [_internal.py:122] : 127.0.0.1 - - [25/Jul/2020 19:20:53] "GET /static/js/query-execution-worker.js HTTP/1.1" 200 -
2020-07-25 19:20:53,791 DEBUG: [app.py:249] : Query parameters for long-running-queries: 
2020-07-25 19:20:53,791 DEBUG: [app.py:250] : Parameter names        : []
2020-07-25 19:20:53,791 DEBUG: [app.py:251] : Parameter values       : []
2020-07-25 19:20:53,791 DEBUG: [app.py:98] : DB Connection: <cx_Oracle.Connection to admin@(DESCRIPTION=(ADDRESS=(PROTOCOL=TCP)(HOST=localhost)(PORT=1522))(CONNECT_DATA=(SERVICE_NAME=testdb)))>
2020-07-25 19:20:53,791 DEBUG: [app.py:99] : Query to be executed: 
SELECT
  sid
, serial#
, opname
, target
, target_desc
, sofar
, totalwork
, units
, start_time
, last_update_time
, timestamp
, time_remaining
, elapsed_seconds
, context
, message
, username
, sql_address
, sql_hash_value
, sql_id
, sql_plan_hash_value
, sql_exec_start
, sql_exec_id
, sql_plan_line_id
, sql_plan_operation
, sql_plan_options
, qcsid
FROM
    V$SESSION_LONGOPS
WHERE
    sofar <> totalwork

2020-07-25 19:20:53,791 DEBUG: [app.py:100] : Parameters for the Query: None
2020-07-25 19:20:53,793 DEBUG: [app.py:143] : Sample Result
2020-07-25 19:20:53,793 DEBUG: [app.py:145] : ['SID', 'SERIAL#', 'OPNAME', 'TARGET', 'TARGET_DESC', 'SOFAR', 'TOTALWORK', 'UNITS', 'START_TIME', 'LAST_UPDATE_TIME', 'TIMESTAMP', 'TIME_REMAINING', 'ELAPSED_SECONDS', 'CONTEXT', 'MESSAGE', 'USERNAME', 'SQL_ADDRESS', 'SQL_HASH_VALUE', 'SQL_ID', 'SQL_PLAN_HASH_VALUE', 'SQL_EXEC_START', 'SQL_EXEC_ID', 'SQL_PLAN_LINE_ID', 'SQL_PLAN_OPERATION', 'SQL_PLAN_OPTIONS', 'QCSID']
2020-07-25 19:20:53,793 INFO: [_internal.py:122] : 127.0.0.1 - - [25/Jul/2020 19:20:53] "POST /query_execution/long-running-queries HTTP/1.1" 201 -
2020-07-25 19:20:53,853 DEBUG: [app.py:249] : Query parameters for queries-resource-usage: 
2020-07-25 19:20:53,853 DEBUG: [app.py:250] : Parameter names        : []
2020-07-25 19:20:53,853 DEBUG: [app.py:251] : Parameter values       : []
2020-07-25 19:20:53,853 DEBUG: [app.py:98] : DB Connection: <cx_Oracle.Connection to admin@(DESCRIPTION=(ADDRESS=(PROTOCOL=TCP)(HOST=localhost)(PORT=1522))(CONNECT_DATA=(SERVICE_NAME=testdb)))>
2020-07-25 19:20:53,853 DEBUG: [app.py:99] : Query to be executed: 
SELECT s.parsing_schema_name schema,
       t.sql_id,
       to_char(t.last_active_time,'yyyy-mm-dd:hh24:mi:ss') last_active_time,
       t.sql_text,
       t.disk_reads,
       t.buffer_gets,
       t.fetches,
       t.sorts,
       t.cpu_time/1000000 cpu,
       t.rows_processed
FROM V$SQLSTATS t,
     V$SQL s
WHERE t.sql_id = s.sql_id
ORDER BY t.last_active_time DESC

2020-07-25 19:20:53,853 DEBUG: [app.py:100] : Parameters for the Query: None
2020-07-25 19:20:53,970 DEBUG: [app.py:143] : Sample Result
2020-07-25 19:20:53,970 DEBUG: [app.py:145] : ['SCHEMA', 'SQL_ID', 'LAST_ACTIVE_TIME', 'SQL_TEXT', 'DISK_READS', 'BUFFER_GETS', 'FETCHES', 'SORTS', 'CPU', 'ROWS_PROCESSED']
2020-07-25 19:20:53,970 DEBUG: [app.py:145] : ['SYS', '4vs91dcv7u1p6', '2020-07-25:19:20:53', 'insert into sys.aud$( sessionid,entryid,statement,ntimestamp#, userid,userhost,terminal,action#,returncode, obj$creator,obj$name,auth$privileges,auth$grantee, new$owner,new$name,ses$actions,ses$tid,logoff$pread, logoff$lwrite,logoff$dead,comment$text,spare1,spare2,  priv$used,clientid,sessioncpu,proxy$sid,user$guid, instance#,process#,xid,scn,auditid,  sqlbind,sqltext,obj$edition,dbid)  values(:1,:2,:3,SYS_EXTRACT_UTC(SYSTIMESTAMP),     :4,:5,:6,:7,:8,     :9,:10,:11,:12,     :13,:14,:15,:16,:17,     :18,:19,:20,:21,:22,     :23,:24,:25,:26,:27,     :28,:29,:30,:31,:32,     :33,:34,:35,:36)', '1', '10550', '0', '0', '0.25', '3187']
2020-07-25 19:20:53,970 DEBUG: [app.py:145] : ['SYS', '4vs91dcv7u1p6', '2020-07-25:19:20:53', 'insert into sys.aud$( sessionid,entryid,statement,ntimestamp#, userid,userhost,terminal,action#,returncode, obj$creator,obj$name,auth$privileges,auth$grantee, new$owner,new$name,ses$actions,ses$tid,logoff$pread, logoff$lwrite,logoff$dead,comment$text,spare1,spare2,  priv$used,clientid,sessioncpu,proxy$sid,user$guid, instance#,process#,xid,scn,auditid,  sqlbind,sqltext,obj$edition,dbid)  values(:1,:2,:3,SYS_EXTRACT_UTC(SYSTIMESTAMP),     :4,:5,:6,:7,:8,     :9,:10,:11,:12,     :13,:14,:15,:16,:17,     :18,:19,:20,:21,:22,     :23,:24,:25,:26,:27,     :28,:29,:30,:31,:32,     :33,:34,:35,:36)', '1', '10550', '0', '0', '0.25', '3187']
2020-07-25 19:20:53,971 DEBUG: [app.py:145] : ['SYS', '459f3z9u4fb3u', '2020-07-25:19:20:53', "select value$ from props$ where name = 'GLOBAL_DB_NAME'", '0', '12749', '6375', '0', '0.578125', '3187']
2020-07-25 19:20:53,971 DEBUG: [app.py:145] : ['SYS', '0ws7ahf1d78qa', '2020-07-25:19:20:53', "select SYS_CONTEXT('USERENV', 'SERVER_HOST'), SYS_CONTEXT('USERENV', 'DB_UNIQUE_NAME'), SYS_CONTEXT('USERENV', 'INSTANCE_NAME'), SYS_CONTEXT('USERENV', 'SERVICE_NAME'), INSTANCE_NUMBER, STARTUP_TIME, SYS_CONTEXT('USERENV', 'DB_DOMAIN') from v$instance where INSTANCE_NAME=SYS_CONTEXT('USERENV', 'INSTANCE_NAME')", '0', '0', '3187', '0', '0.28125', '3187']
2020-07-25 19:20:54,028 INFO: [_internal.py:122] : 127.0.0.1 - - [25/Jul/2020 19:20:54] "POST /query_execution/queries-resource-usage HTTP/1.1" 201 -
2020-07-25 19:20:56,488 INFO: [_internal.py:122] : 127.0.0.1 - - [25/Jul/2020 19:20:56] "GET /favicon.ico HTTP/1.1" 404 -
2020-07-25 19:21:10,860 INFO: [_internal.py:122] : 127.0.0.1 - - [25/Jul/2020 19:21:10] "GET /static/js/query-execution-worker.js HTTP/1.1" 200 -
2020-07-25 19:21:10,861 INFO: [_internal.py:122] : 127.0.0.1 - - [25/Jul/2020 19:21:10] "GET /static/js/query-execution-worker.js HTTP/1.1" 200 -
2020-07-25 19:21:10,862 INFO: [_internal.py:122] : 127.0.0.1 - - [25/Jul/2020 19:21:10] "GET /static/js/query-execution-worker.js HTTP/1.1" 200 -
2020-07-25 19:21:10,863 INFO: [_internal.py:122] : 127.0.0.1 - - [25/Jul/2020 19:21:10] "GET /static/js/query-execution-worker.js HTTP/1.1" 200 -
2020-07-25 19:21:11,108 DEBUG: [app.py:249] : Query parameters for query-resource-usage: 
2020-07-25 19:21:11,109 DEBUG: [app.py:250] : Parameter names        : ['sql_id']
2020-07-25 19:21:11,109 DEBUG: [app.py:251] : Parameter values       : ['7gtys6vx02ymj']
2020-07-25 19:21:11,109 DEBUG: [app.py:98] : DB Connection: <cx_Oracle.Connection to admin@(DESCRIPTION=(ADDRESS=(PROTOCOL=TCP)(HOST=localhost)(PORT=1522))(CONNECT_DATA=(SERVICE_NAME=testdb)))>
2020-07-25 19:21:11,109 DEBUG: [app.py:99] : Query to be executed: 
SELECT * 
FROM (SELECT sql_id, 
             to_char(sql_exec_start,'yyyy-mm-dd:hh24:mi:ss') sql_exec_start,
             sql_exec_id, 
             sum(buffer_gets) buffer_gets,
             sum(disk_reads) disk_reads, 
             round(sum(cpu_time/1000000),1) cpu_secs
      FROM v$sql_monitor
      WHERE sql_id = :sql_id
      GROUP BY sql_id, sql_exec_start, sql_exec_id
      ORDER BY 2 desc)
WHERE rownum <= 50

2020-07-25 19:21:11,109 DEBUG: [app.py:100] : Parameters for the Query: ['7gtys6vx02ymj']
2020-07-25 19:21:11,110 DEBUG: [app.py:143] : Sample Result
2020-07-25 19:21:11,110 DEBUG: [app.py:145] : ['SQL_ID', 'SQL_EXEC_START', 'SQL_EXEC_ID', 'BUFFER_GETS', 'DISK_READS', 'CPU_SECS']
2020-07-25 19:21:11,110 INFO: [_internal.py:122] : 127.0.0.1 - - [25/Jul/2020 19:21:11] "POST /query_execution/query-resource-usage?sql_id=7gtys6vx02ymj HTTP/1.1" 201 -
2020-07-25 19:21:11,174 DEBUG: [app.py:249] : Query parameters for long-running-query: 
2020-07-25 19:21:11,174 DEBUG: [app.py:250] : Parameter names        : ['sql_id']
2020-07-25 19:21:11,174 DEBUG: [app.py:251] : Parameter values       : ['7gtys6vx02ymj']
2020-07-25 19:21:11,174 DEBUG: [app.py:98] : DB Connection: <cx_Oracle.Connection to admin@(DESCRIPTION=(ADDRESS=(PROTOCOL=TCP)(HOST=localhost)(PORT=1522))(CONNECT_DATA=(SERVICE_NAME=testdb)))>
2020-07-25 19:21:11,175 DEBUG: [app.py:99] : Query to be executed: 
SELECT
  sid
, serial#
, opname
, target
, target_desc
, sofar
, totalwork
, units
, start_time
, last_update_time
, timestamp
, time_remaining
, elapsed_seconds
, context
, message
, username
, sql_address
, sql_hash_value
, sql_id
, sql_plan_hash_value
, sql_exec_start
, sql_exec_id
, sql_plan_line_id
, sql_plan_operation
, sql_plan_options
, qcsid
FROM
    V$SESSION_LONGOPS
WHERE
    sql_id = :sqlid

2020-07-25 19:21:11,175 DEBUG: [app.py:100] : Parameters for the Query: ['7gtys6vx02ymj']
2020-07-25 19:21:11,176 DEBUG: [app.py:249] : Query parameters for report_sql_monitor_active: 
2020-07-25 19:21:11,176 DEBUG: [app.py:250] : Parameter names        : ['sql_id']
2020-07-25 19:21:11,176 DEBUG: [app.py:251] : Parameter values       : ['7gtys6vx02ymj']
2020-07-25 19:21:11,177 DEBUG: [app.py:249] : Query parameters for get_sql_text: 
2020-07-25 19:21:11,177 INFO: [_internal.py:122] : 127.0.0.1 - - [25/Jul/2020 19:21:11] "POST /query_execution/report_sql_monitor_active?sql_id=7gtys6vx02ymj HTTP/1.1" 201 -
2020-07-25 19:21:11,177 DEBUG: [app.py:250] : Parameter names        : ['sql_id']
2020-07-25 19:21:11,177 DEBUG: [app.py:251] : Parameter values       : ['7gtys6vx02ymj']
2020-07-25 19:21:11,178 INFO: [_internal.py:122] : 127.0.0.1 - - [25/Jul/2020 19:21:11] "POST /query_execution/get_sql_text?sql_id=7gtys6vx02ymj HTTP/1.1" 201 -
2020-07-25 19:21:11,178 DEBUG: [app.py:143] : Sample Result
2020-07-25 19:21:11,179 DEBUG: [app.py:145] : ['SID', 'SERIAL#', 'OPNAME', 'TARGET', 'TARGET_DESC', 'SOFAR', 'TOTALWORK', 'UNITS', 'START_TIME', 'LAST_UPDATE_TIME', 'TIMESTAMP', 'TIME_REMAINING', 'ELAPSED_SECONDS', 'CONTEXT', 'MESSAGE', 'USERNAME', 'SQL_ADDRESS', 'SQL_HASH_VALUE', 'SQL_ID', 'SQL_PLAN_HASH_VALUE', 'SQL_EXEC_START', 'SQL_EXEC_ID', 'SQL_PLAN_LINE_ID', 'SQL_PLAN_OPERATION', 'SQL_PLAN_OPTIONS', 'QCSID']
2020-07-25 19:21:11,179 INFO: [_internal.py:122] : 127.0.0.1 - - [25/Jul/2020 19:21:11] "POST /query_execution/long-running-query?sql_id=7gtys6vx02ymj HTTP/1.1" 201 -
2020-07-25 19:21:47,447 INFO: [_internal.py:122] : 127.0.0.1 - - [25/Jul/2020 19:21:47] "GET /static/js/query-execution-worker.js HTTP/1.1" 200 -
2020-07-25 19:21:47,749 INFO: [_internal.py:122] : 127.0.0.1 - - [25/Jul/2020 19:21:47] "GET /static/js/query-execution-worker.js HTTP/1.1" 200 -
2020-07-25 19:21:47,750 INFO: [_internal.py:122] : 127.0.0.1 - - [25/Jul/2020 19:21:47] "GET /static/js/query-execution-worker.js HTTP/1.1" 200 -
2020-07-25 19:21:47,751 INFO: [_internal.py:122] : 127.0.0.1 - - [25/Jul/2020 19:21:47] "GET /static/js/query-execution-worker.js HTTP/1.1" 200 -
2020-07-25 19:21:47,761 DEBUG: [app.py:249] : Query parameters for long-running-query: 
2020-07-25 19:21:47,762 DEBUG: [app.py:250] : Parameter names        : ['sql_id']
2020-07-25 19:21:47,762 DEBUG: [app.py:251] : Parameter values       : ['7kngmdwtb1dsh']
2020-07-25 19:21:47,762 DEBUG: [app.py:98] : DB Connection: <cx_Oracle.Connection to admin@(DESCRIPTION=(ADDRESS=(PROTOCOL=TCP)(HOST=localhost)(PORT=1522))(CONNECT_DATA=(SERVICE_NAME=testdb)))>
2020-07-25 19:21:47,762 DEBUG: [app.py:99] : Query to be executed: 
SELECT
  sid
, serial#
, opname
, target
, target_desc
, sofar
, totalwork
, units
, start_time
, last_update_time
, timestamp
, time_remaining
, elapsed_seconds
, context
, message
, username
, sql_address
, sql_hash_value
, sql_id
, sql_plan_hash_value
, sql_exec_start
, sql_exec_id
, sql_plan_line_id
, sql_plan_operation
, sql_plan_options
, qcsid
FROM
    V$SESSION_LONGOPS
WHERE
    sql_id = :sqlid

2020-07-25 19:21:47,762 DEBUG: [app.py:100] : Parameters for the Query: ['7kngmdwtb1dsh']
2020-07-25 19:21:47,764 DEBUG: [app.py:143] : Sample Result
2020-07-25 19:21:47,764 DEBUG: [app.py:145] : ['SID', 'SERIAL#', 'OPNAME', 'TARGET', 'TARGET_DESC', 'SOFAR', 'TOTALWORK', 'UNITS', 'START_TIME', 'LAST_UPDATE_TIME', 'TIMESTAMP', 'TIME_REMAINING', 'ELAPSED_SECONDS', 'CONTEXT', 'MESSAGE', 'USERNAME', 'SQL_ADDRESS', 'SQL_HASH_VALUE', 'SQL_ID', 'SQL_PLAN_HASH_VALUE', 'SQL_EXEC_START', 'SQL_EXEC_ID', 'SQL_PLAN_LINE_ID', 'SQL_PLAN_OPERATION', 'SQL_PLAN_OPTIONS', 'QCSID']
2020-07-25 19:21:47,764 INFO: [_internal.py:122] : 127.0.0.1 - - [25/Jul/2020 19:21:47] "POST /query_execution/long-running-query?sql_id=7kngmdwtb1dsh HTTP/1.1" 201 -
2020-07-25 19:21:48,062 DEBUG: [app.py:249] : Query parameters for query-resource-usage: 
2020-07-25 19:21:48,062 DEBUG: [app.py:250] : Parameter names        : ['sql_id']
2020-07-25 19:21:48,062 DEBUG: [app.py:251] : Parameter values       : ['7kngmdwtb1dsh']
2020-07-25 19:21:48,062 DEBUG: [app.py:98] : DB Connection: <cx_Oracle.Connection to admin@(DESCRIPTION=(ADDRESS=(PROTOCOL=TCP)(HOST=localhost)(PORT=1522))(CONNECT_DATA=(SERVICE_NAME=testdb)))>
2020-07-25 19:21:48,062 DEBUG: [app.py:99] : Query to be executed: 
SELECT * 
FROM (SELECT sql_id, 
             to_char(sql_exec_start,'yyyy-mm-dd:hh24:mi:ss') sql_exec_start,
             sql_exec_id, 
             sum(buffer_gets) buffer_gets,
             sum(disk_reads) disk_reads, 
             round(sum(cpu_time/1000000),1) cpu_secs
      FROM v$sql_monitor
      WHERE sql_id = :sql_id
      GROUP BY sql_id, sql_exec_start, sql_exec_id
      ORDER BY 2 desc)
WHERE rownum <= 50

2020-07-25 19:21:48,062 DEBUG: [app.py:100] : Parameters for the Query: ['7kngmdwtb1dsh']
2020-07-25 19:21:48,063 DEBUG: [app.py:143] : Sample Result
2020-07-25 19:21:48,064 DEBUG: [app.py:249] : Query parameters for report_sql_monitor_active: 
2020-07-25 19:21:48,065 DEBUG: [app.py:250] : Parameter names        : ['sql_id']
2020-07-25 19:21:48,065 DEBUG: [app.py:251] : Parameter values       : ['7kngmdwtb1dsh']
2020-07-25 19:21:48,065 DEBUG: [app.py:249] : Query parameters for get_sql_text: 
2020-07-25 19:21:48,066 DEBUG: [app.py:250] : Parameter names        : ['sql_id']
2020-07-25 19:21:48,066 INFO: [_internal.py:122] : 127.0.0.1 - - [25/Jul/2020 19:21:48] "POST /query_execution/report_sql_monitor_active?sql_id=7kngmdwtb1dsh HTTP/1.1" 201 -
2020-07-25 19:21:48,064 DEBUG: [app.py:145] : ['SQL_ID', 'SQL_EXEC_START', 'SQL_EXEC_ID', 'BUFFER_GETS', 'DISK_READS', 'CPU_SECS']
2020-07-25 19:21:48,066 DEBUG: [app.py:251] : Parameter values       : ['7kngmdwtb1dsh']
2020-07-25 19:21:48,066 INFO: [_internal.py:122] : 127.0.0.1 - - [25/Jul/2020 19:21:48] "POST /query_execution/query-resource-usage?sql_id=7kngmdwtb1dsh HTTP/1.1" 201 -
2020-07-25 19:21:48,067 INFO: [_internal.py:122] : 127.0.0.1 - - [25/Jul/2020 19:21:48] "POST /query_execution/get_sql_text?sql_id=7kngmdwtb1dsh HTTP/1.1" 201 -
2020-07-25 19:22:39,551 INFO: [_internal.py:122] : 127.0.0.1 - - [25/Jul/2020 19:22:39] "GET /static/js/query-execution-worker.js HTTP/1.1" 200 -
2020-07-25 19:22:39,801 DEBUG: [app.py:249] : Query parameters for data-dictionary-views: 
2020-07-25 19:22:39,801 DEBUG: [app.py:250] : Parameter names        : []
2020-07-25 19:22:39,801 DEBUG: [app.py:251] : Parameter values       : []
2020-07-25 19:22:39,801 DEBUG: [app.py:98] : DB Connection: <cx_Oracle.Connection to admin@(DESCRIPTION=(ADDRESS=(PROTOCOL=TCP)(HOST=localhost)(PORT=1522))(CONNECT_DATA=(SERVICE_NAME=testdb)))>
2020-07-25 19:22:39,801 DEBUG: [app.py:99] : Query to be executed: 
SELECT 
    view_name
FROM 
    dba_views a
WHERE 
    (view_name LIKE 'V$%'
OR  view_name LIKE 'GV$%'
OR  view_name LIKE 'ALL_%'
OR  view_name LIKE 'DBA_%'  
OR  view_name LIKE 'USER_%')
AND EXISTS (SELECT 1 FROM DBA_OBJECTS b WHERE a.owner = b.owner AND a.view_name = b.object_name)
ORDER BY 1

2020-07-25 19:22:39,801 DEBUG: [app.py:100] : Parameters for the Query: None
2020-07-25 19:22:39,879 DEBUG: [app.py:143] : Sample Result
2020-07-25 19:22:39,879 DEBUG: [app.py:145] : ['VIEW_NAME']
2020-07-25 19:22:39,879 DEBUG: [app.py:145] : ['ALL$AW_CUBE_AGG_LEVELS']
2020-07-25 19:22:39,879 DEBUG: [app.py:145] : ['ALL$AW_CUBE_AGG_MEASURES']
2020-07-25 19:22:39,880 DEBUG: [app.py:145] : ['ALL$AW_CUBE_AGG_PLANS']
2020-07-25 19:22:39,880 DEBUG: [app.py:145] : ['ALL$AW_CUBE_ENABLED_HIERCOMBO']
2020-07-25 19:22:39,884 INFO: [_internal.py:122] : 127.0.0.1 - - [25/Jul/2020 19:22:39] "POST /query_execution/data-dictionary-views HTTP/1.1" 201 -
2020-07-25 19:24:39,737 INFO: [_internal.py:122] :  * Detected change in 'C:\\Users\\ravis\\Desktop\\Stato\\app.py', reloading
2020-07-25 19:24:39,775 INFO: [_internal.py:122] :  * Restarting with stat
2020-07-25 19:24:40,149 WARNING: [_internal.py:122] :  * Debugger is active!
2020-07-25 19:24:40,153 INFO: [_internal.py:122] :  * Debugger PIN: 296-999-343
2020-07-25 19:24:40,161 INFO: [_internal.py:122] :  * Running on http://127.0.0.1:5000/ (Press CTRL+C to quit)
2020-07-25 19:29:24,286 INFO: [_internal.py:122] : 127.0.0.1 - - [25/Jul/2020 19:29:24] "GET / HTTP/1.1" 200 -
2020-07-25 19:29:24,325 INFO: [_internal.py:122] : 127.0.0.1 - - [25/Jul/2020 19:29:24] "GET /static/js/app.js HTTP/1.1" 200 -
2020-07-25 19:29:24,520 INFO: [_internal.py:122] : 127.0.0.1 - - [25/Jul/2020 19:29:24] "GET /static/js/api-calls.js HTTP/1.1" 200 -
2020-07-25 19:29:24,625 INFO: [_internal.py:122] : 127.0.0.1 - - [25/Jul/2020 19:29:24] "GET /static/js/auto-refresh-setup.js HTTP/1.1" 200 -
2020-07-25 19:29:24,625 INFO: [_internal.py:122] : 127.0.0.1 - - [25/Jul/2020 19:29:24] "GET /static/js/common.js HTTP/1.1" 200 -
2020-07-25 19:29:25,420 INFO: [_internal.py:122] : 127.0.0.1 - - [25/Jul/2020 19:29:25] "GET /static/js/query-execution-worker.js HTTP/1.1" 200 -
2020-07-25 19:29:25,420 INFO: [_internal.py:122] : 127.0.0.1 - - [25/Jul/2020 19:29:25] "GET /static/js/query-execution-worker.js HTTP/1.1" 200 -
2020-07-25 19:29:25,670 DEBUG: [app.py:249] : Query parameters for long-running-queries: 
2020-07-25 19:29:25,670 DEBUG: [app.py:250] : Parameter names        : []
2020-07-25 19:29:25,670 DEBUG: [app.py:251] : Parameter values       : []
2020-07-25 19:29:25,734 DEBUG: [app.py:249] : Query parameters for queries-resource-usage: 
2020-07-25 19:29:25,734 DEBUG: [app.py:250] : Parameter names        : []
2020-07-25 19:29:25,735 DEBUG: [app.py:251] : Parameter values       : []
2020-07-25 19:29:25,737 DEBUG: [app.py:98] : DB Connection: <cx_Oracle.Connection to admin@(DESCRIPTION=(ADDRESS=(PROTOCOL=TCP)(HOST=localhost)(PORT=1522))(CONNECT_DATA=(SERVICE_NAME=testdb)))>
2020-07-25 19:29:25,737 DEBUG: [app.py:99] : Query to be executed: 
SELECT
  sid
, serial#
, opname
, target
, target_desc
, sofar
, totalwork
, units
, start_time
, last_update_time
, timestamp
, time_remaining
, elapsed_seconds
, context
, message
, username
, sql_address
, sql_hash_value
, sql_id
, sql_plan_hash_value
, sql_exec_start
, sql_exec_id
, sql_plan_line_id
, sql_plan_operation
, sql_plan_options
, qcsid
FROM
    V$SESSION_LONGOPS
WHERE
    sofar <> totalwork

2020-07-25 19:29:25,737 DEBUG: [app.py:100] : Parameters for the Query: None
2020-07-25 19:29:25,739 DEBUG: [app.py:143] : Sample Result
2020-07-25 19:29:25,739 DEBUG: [app.py:145] : ['SID', 'SERIAL#', 'OPNAME', 'TARGET', 'TARGET_DESC', 'SOFAR', 'TOTALWORK', 'UNITS', 'START_TIME', 'LAST_UPDATE_TIME', 'TIMESTAMP', 'TIME_REMAINING', 'ELAPSED_SECONDS', 'CONTEXT', 'MESSAGE', 'USERNAME', 'SQL_ADDRESS', 'SQL_HASH_VALUE', 'SQL_ID', 'SQL_PLAN_HASH_VALUE', 'SQL_EXEC_START', 'SQL_EXEC_ID', 'SQL_PLAN_LINE_ID', 'SQL_PLAN_OPERATION', 'SQL_PLAN_OPTIONS', 'QCSID']
2020-07-25 19:29:25,739 INFO: [_internal.py:122] : 127.0.0.1 - - [25/Jul/2020 19:29:25] "POST /query_execution/long-running-queries HTTP/1.1" 201 -
2020-07-25 19:29:25,760 DEBUG: [app.py:98] : DB Connection: <cx_Oracle.Connection to admin@(DESCRIPTION=(ADDRESS=(PROTOCOL=TCP)(HOST=localhost)(PORT=1522))(CONNECT_DATA=(SERVICE_NAME=testdb)))>
2020-07-25 19:29:25,760 DEBUG: [app.py:99] : Query to be executed: 
SELECT s.parsing_schema_name schema,
       t.sql_id,
       to_char(t.last_active_time,'yyyy-mm-dd:hh24:mi:ss') last_active_time,
       t.sql_text,
       t.disk_reads,
       t.buffer_gets,
       t.fetches,
       t.sorts,
       t.cpu_time/1000000 cpu,
       t.rows_processed
FROM V$SQLSTATS t,
     V$SQL s
WHERE t.sql_id = s.sql_id
ORDER BY t.last_active_time DESC

2020-07-25 19:29:25,760 DEBUG: [app.py:100] : Parameters for the Query: None
2020-07-25 19:29:25,869 DEBUG: [app.py:143] : Sample Result
2020-07-25 19:29:25,869 DEBUG: [app.py:145] : ['SCHEMA', 'SQL_ID', 'LAST_ACTIVE_TIME', 'SQL_TEXT', 'DISK_READS', 'BUFFER_GETS', 'FETCHES', 'SORTS', 'CPU', 'ROWS_PROCESSED']
2020-07-25 19:29:25,869 DEBUG: [app.py:145] : ['SYS', '4vs91dcv7u1p6', '2020-07-25:19:29:25', 'insert into sys.aud$( sessionid,entryid,statement,ntimestamp#, userid,userhost,terminal,action#,returncode, obj$creator,obj$name,auth$privileges,auth$grantee, new$owner,new$name,ses$actions,ses$tid,logoff$pread, logoff$lwrite,logoff$dead,comment$text,spare1,spare2,  priv$used,clientid,sessioncpu,proxy$sid,user$guid, instance#,process#,xid,scn,auditid,  sqlbind,sqltext,obj$edition,dbid)  values(:1,:2,:3,SYS_EXTRACT_UTC(SYSTIMESTAMP),     :4,:5,:6,:7,:8,     :9,:10,:11,:12,     :13,:14,:15,:16,:17,     :18,:19,:20,:21,:22,     :23,:24,:25,:26,:27,     :28,:29,:30,:31,:32,     :33,:34,:35,:36)', '1', '10598', '0', '0', '0.25', '3202']
2020-07-25 19:29:25,869 DEBUG: [app.py:145] : ['ADMIN', '7gtys6vx02ymj', '2020-07-25:19:29:25', ' SELECT   sid , serial# , opname , target , target_desc , sofar , totalwork , units , start_time , last_update_time , timestamp , time_remaining , elapsed_seconds , context , message , username , sql_address , sql_hash_value , sql_id , sql_plan_hash_value , sql_exec_start , sql_exec_id , sql_plan_line_id , sql_plan_operation , sql_plan_options , qcsid FROM     V$SESSION_LONGOPS WHERE     sofar <> totalwork ', '0', '124', '157', '0', '0.0625', '0']
2020-07-25 19:29:25,869 DEBUG: [app.py:145] : ['SYS', '4vs91dcv7u1p6', '2020-07-25:19:29:25', 'insert into sys.aud$( sessionid,entryid,statement,ntimestamp#, userid,userhost,terminal,action#,returncode, obj$creator,obj$name,auth$privileges,auth$grantee, new$owner,new$name,ses$actions,ses$tid,logoff$pread, logoff$lwrite,logoff$dead,comment$text,spare1,spare2,  priv$used,clientid,sessioncpu,proxy$sid,user$guid, instance#,process#,xid,scn,auditid,  sqlbind,sqltext,obj$edition,dbid)  values(:1,:2,:3,SYS_EXTRACT_UTC(SYSTIMESTAMP),     :4,:5,:6,:7,:8,     :9,:10,:11,:12,     :13,:14,:15,:16,:17,     :18,:19,:20,:21,:22,     :23,:24,:25,:26,:27,     :28,:29,:30,:31,:32,     :33,:34,:35,:36)', '1', '10598', '0', '0', '0.25', '3202']
2020-07-25 19:29:25,869 DEBUG: [app.py:145] : ['SYS', 'cm5vu20fhtnq1', '2020-07-25:19:29:25', 'select /*+ connect_by_filtering */ privilege#,level from sysauth$ connect by grantee#=prior privilege# and privilege#>0 start with grantee#=:1 and privilege#>0', '2', '659632', '462728', '0', '0.859375', '275828']
2020-07-25 19:29:25,936 INFO: [_internal.py:122] : 127.0.0.1 - - [25/Jul/2020 19:29:25] "POST /query_execution/queries-resource-usage HTTP/1.1" 201 -
2020-07-25 19:29:26,614 INFO: [_internal.py:122] : 127.0.0.1 - - [25/Jul/2020 19:29:26] "GET /favicon.ico HTTP/1.1" 404 -
2020-07-25 19:29:32,323 INFO: [_internal.py:122] : 127.0.0.1 - - [25/Jul/2020 19:29:32] "GET /report_sql_monitor_active/ HTTP/1.1" 404 -
2020-07-25 19:29:41,399 DEBUG: [app.py:98] : DB Connection: <cx_Oracle.Connection to admin@(DESCRIPTION=(ADDRESS=(PROTOCOL=TCP)(HOST=localhost)(PORT=1522))(CONNECT_DATA=(SERVICE_NAME=testdb)))>
2020-07-25 19:29:41,399 DEBUG: [app.py:99] : Query to be executed: SELECT DBMS_SQLTUNE.REPORT_SQL_MONITOR('7gtys6vx02ymj',type => 'active', report_level => 'ALL') FROM DUAL
2020-07-25 19:29:41,399 DEBUG: [app.py:100] : Parameters for the Query: None
2020-07-25 19:29:41,414 DEBUG: [app.py:143] : Sample Result
2020-07-25 19:29:41,414 DEBUG: [app.py:145] : ["DBMS_SQLTUNE.REPORT_SQL_MONITOR('7GTYS6VX02YMJ',TYPE=>'ACTIVE',REPORT_LEVEL=>'ALL')"]
2020-07-25 19:29:41,414 DEBUG: [app.py:145] : ['<html>\n <head>\n  <meta http-equiv="Content-Type" content="text/html; charset=utf-8"/>\n  <base href="http://download.oracle.com/otn_software/"/>\n  <script language="javascript" type="text/javascript" src="emviewers/scripts/flashver.js">\n   <!--Test flash version-->\n  </script>\n  <style>\n      body { margin: 0px; overflow:hidden }\n    </style>\n </head>\n <body scroll="no">\n  <script type="text/xml">\n   <!--FXTMODEL-->\n   <report db_version="11.2.0.1.0" elapsed_time="0.00" cpu_time="0.00">\n    <report_id><![CDATA[/orarep/sqlmonitor/main?bucket_max_count=128&event_detail=yes&report_level=ALL&sql_id=7gtys6vx02ymj]]></report_id>\n   </report>\n   <!--FXTMODEL-->\n  </script>\n  <script language="JavaScript" type="text/javascript" src="emviewers/scripts/loadswf.js">\n   <!--Load report viewer-->\n  </script>\n  <iframe name="_history" frameborder="0" scrolling="no" width="22" height="0">\n   <html>\n    <head>\n     <meta http-equiv="Content-Type" content="text/html; charset=iso-8859-1"/>\n     <script type="text/javascript" language="JavaScript1.2" charset="utf-8">\n                var v = new top.Vars(top.getSearch(window));\n                var fv = v.toString(&apos;$_&apos;);\n              </script>\n    </head>\n    <body>\n     <script type="text/javascript" language="JavaScript1.2" charset="utf-8" src="emviewers/scripts/document.js">\n      <!--Run document script-->\n     </script>\n    </body>\n   </html>\n  </iframe>\n </body>\n</html>\n']
2020-07-25 19:29:41,431 INFO: [_internal.py:122] : 127.0.0.1 - - [25/Jul/2020 19:29:41] "GET /report_sql_monitor_active/7gtys6vx02ymj HTTP/1.1" 200 -
2020-07-25 19:29:52,960 DEBUG: [app.py:98] : DB Connection: <cx_Oracle.Connection to admin@(DESCRIPTION=(ADDRESS=(PROTOCOL=TCP)(HOST=localhost)(PORT=1522))(CONNECT_DATA=(SERVICE_NAME=testdb)))>
2020-07-25 19:29:52,960 DEBUG: [app.py:99] : Query to be executed: SELECT DBMS_SQLTUNE.REPORT_SQL_MONITOR('7gtys6vx02ymj',type => 'active', report_level => 'ALL') FROM DUAL
2020-07-25 19:29:52,960 DEBUG: [app.py:100] : Parameters for the Query: None
2020-07-25 19:29:52,971 DEBUG: [app.py:143] : Sample Result
2020-07-25 19:29:52,971 DEBUG: [app.py:145] : ["DBMS_SQLTUNE.REPORT_SQL_MONITOR('7GTYS6VX02YMJ',TYPE=>'ACTIVE',REPORT_LEVEL=>'ALL')"]
2020-07-25 19:29:52,971 DEBUG: [app.py:145] : ['<html>\n <head>\n  <meta http-equiv="Content-Type" content="text/html; charset=utf-8"/>\n  <base href="http://download.oracle.com/otn_software/"/>\n  <script language="javascript" type="text/javascript" src="emviewers/scripts/flashver.js">\n   <!--Test flash version-->\n  </script>\n  <style>\n      body { margin: 0px; overflow:hidden }\n    </style>\n </head>\n <body scroll="no">\n  <script type="text/xml">\n   <!--FXTMODEL-->\n   <report db_version="11.2.0.1.0" elapsed_time="0.00" cpu_time="0.00">\n    <report_id><![CDATA[/orarep/sqlmonitor/main?bucket_max_count=128&event_detail=yes&report_level=ALL&sql_id=7gtys6vx02ymj]]></report_id>\n   </report>\n   <!--FXTMODEL-->\n  </script>\n  <script language="JavaScript" type="text/javascript" src="emviewers/scripts/loadswf.js">\n   <!--Load report viewer-->\n  </script>\n  <iframe name="_history" frameborder="0" scrolling="no" width="22" height="0">\n   <html>\n    <head>\n     <meta http-equiv="Content-Type" content="text/html; charset=iso-8859-1"/>\n     <script type="text/javascript" language="JavaScript1.2" charset="utf-8">\n                var v = new top.Vars(top.getSearch(window));\n                var fv = v.toString(&apos;$_&apos;);\n              </script>\n    </head>\n    <body>\n     <script type="text/javascript" language="JavaScript1.2" charset="utf-8" src="emviewers/scripts/document.js">\n      <!--Run document script-->\n     </script>\n    </body>\n   </html>\n  </iframe>\n </body>\n</html>\n']
2020-07-25 19:29:52,975 INFO: [_internal.py:122] : 127.0.0.1 - - [25/Jul/2020 19:29:52] "GET /report_sql_monitor_active/7gtys6vx02ymj HTTP/1.1" 200 -
2020-07-25 19:30:11,901 INFO: [_internal.py:122] : 127.0.0.1 - - [25/Jul/2020 19:30:11] "GET /static/js/query-execution-worker.js HTTP/1.1" 200 -
2020-07-25 19:30:12,204 INFO: [_internal.py:122] : 127.0.0.1 - - [25/Jul/2020 19:30:12] "GET /static/js/query-execution-worker.js HTTP/1.1" 200 -
2020-07-25 19:30:12,204 INFO: [_internal.py:122] : 127.0.0.1 - - [25/Jul/2020 19:30:12] "GET /static/js/query-execution-worker.js HTTP/1.1" 200 -
2020-07-25 19:30:12,205 INFO: [_internal.py:122] : 127.0.0.1 - - [25/Jul/2020 19:30:12] "GET /static/js/query-execution-worker.js HTTP/1.1" 200 -
2020-07-25 19:30:12,214 DEBUG: [app.py:249] : Query parameters for long-running-query: 
2020-07-25 19:30:12,214 DEBUG: [app.py:250] : Parameter names        : ['sql_id']
2020-07-25 19:30:12,214 DEBUG: [app.py:251] : Parameter values       : ['7gtys6vx02ymj']
2020-07-25 19:30:12,214 DEBUG: [app.py:98] : DB Connection: <cx_Oracle.Connection to admin@(DESCRIPTION=(ADDRESS=(PROTOCOL=TCP)(HOST=localhost)(PORT=1522))(CONNECT_DATA=(SERVICE_NAME=testdb)))>
2020-07-25 19:30:12,214 DEBUG: [app.py:99] : Query to be executed: 
SELECT
  sid
, serial#
, opname
, target
, target_desc
, sofar
, totalwork
, units
, start_time
, last_update_time
, timestamp
, time_remaining
, elapsed_seconds
, context
, message
, username
, sql_address
, sql_hash_value
, sql_id
, sql_plan_hash_value
, sql_exec_start
, sql_exec_id
, sql_plan_line_id
, sql_plan_operation
, sql_plan_options
, qcsid
FROM
    V$SESSION_LONGOPS
WHERE
    sql_id = :sqlid

2020-07-25 19:30:12,215 DEBUG: [app.py:100] : Parameters for the Query: ['7gtys6vx02ymj']
2020-07-25 19:30:12,217 DEBUG: [app.py:143] : Sample Result
2020-07-25 19:30:12,217 DEBUG: [app.py:145] : ['SID', 'SERIAL#', 'OPNAME', 'TARGET', 'TARGET_DESC', 'SOFAR', 'TOTALWORK', 'UNITS', 'START_TIME', 'LAST_UPDATE_TIME', 'TIMESTAMP', 'TIME_REMAINING', 'ELAPSED_SECONDS', 'CONTEXT', 'MESSAGE', 'USERNAME', 'SQL_ADDRESS', 'SQL_HASH_VALUE', 'SQL_ID', 'SQL_PLAN_HASH_VALUE', 'SQL_EXEC_START', 'SQL_EXEC_ID', 'SQL_PLAN_LINE_ID', 'SQL_PLAN_OPERATION', 'SQL_PLAN_OPTIONS', 'QCSID']
2020-07-25 19:30:12,218 INFO: [_internal.py:122] : 127.0.0.1 - - [25/Jul/2020 19:30:12] "POST /query_execution/long-running-query?sql_id=7gtys6vx02ymj HTTP/1.1" 201 -
2020-07-25 19:30:12,515 DEBUG: [app.py:249] : Query parameters for query-resource-usage: 
2020-07-25 19:30:12,515 DEBUG: [app.py:250] : Parameter names        : ['sql_id']
2020-07-25 19:30:12,515 DEBUG: [app.py:251] : Parameter values       : ['7gtys6vx02ymj']
2020-07-25 19:30:12,515 DEBUG: [app.py:98] : DB Connection: <cx_Oracle.Connection to admin@(DESCRIPTION=(ADDRESS=(PROTOCOL=TCP)(HOST=localhost)(PORT=1522))(CONNECT_DATA=(SERVICE_NAME=testdb)))>
2020-07-25 19:30:12,516 DEBUG: [app.py:99] : Query to be executed: 
SELECT * 
FROM (SELECT sql_id, 
             to_char(sql_exec_start,'yyyy-mm-dd:hh24:mi:ss') sql_exec_start,
             sql_exec_id, 
             sum(buffer_gets) buffer_gets,
             sum(disk_reads) disk_reads, 
             round(sum(cpu_time/1000000),1) cpu_secs
      FROM v$sql_monitor
      WHERE sql_id = :sql_id
      GROUP BY sql_id, sql_exec_start, sql_exec_id
      ORDER BY 2 desc)
WHERE rownum <= 50

2020-07-25 19:30:12,516 DEBUG: [app.py:100] : Parameters for the Query: ['7gtys6vx02ymj']
2020-07-25 19:30:12,517 DEBUG: [app.py:143] : Sample Result
2020-07-25 19:30:12,518 DEBUG: [app.py:145] : ['SQL_ID', 'SQL_EXEC_START', 'SQL_EXEC_ID', 'BUFFER_GETS', 'DISK_READS', 'CPU_SECS']
2020-07-25 19:30:12,519 INFO: [_internal.py:122] : 127.0.0.1 - - [25/Jul/2020 19:30:12] "POST /query_execution/query-resource-usage?sql_id=7gtys6vx02ymj HTTP/1.1" 201 -
2020-07-25 19:30:12,520 DEBUG: [app.py:249] : Query parameters for get_sql_text: 
2020-07-25 19:30:12,521 DEBUG: [app.py:250] : Parameter names        : ['sql_id']
2020-07-25 19:30:12,522 DEBUG: [app.py:251] : Parameter values       : ['7gtys6vx02ymj']
2020-07-25 19:30:12,522 DEBUG: [app.py:249] : Query parameters for report_sql_monitor_active: 
2020-07-25 19:30:12,523 INFO: [_internal.py:122] : 127.0.0.1 - - [25/Jul/2020 19:30:12] "POST /query_execution/get_sql_text?sql_id=7gtys6vx02ymj HTTP/1.1" 201 -
2020-07-25 19:30:12,523 DEBUG: [app.py:250] : Parameter names        : ['sql_id']
2020-07-25 19:30:12,523 DEBUG: [app.py:251] : Parameter values       : ['7gtys6vx02ymj']
2020-07-25 19:30:12,524 INFO: [_internal.py:122] : 127.0.0.1 - - [25/Jul/2020 19:30:12] "POST /query_execution/report_sql_monitor_active?sql_id=7gtys6vx02ymj HTTP/1.1" 201 -
2020-07-25 19:30:16,639 DEBUG: [app.py:98] : DB Connection: <cx_Oracle.Connection to admin@(DESCRIPTION=(ADDRESS=(PROTOCOL=TCP)(HOST=localhost)(PORT=1522))(CONNECT_DATA=(SERVICE_NAME=testdb)))>
2020-07-25 19:30:16,639 DEBUG: [app.py:99] : Query to be executed: SELECT DBMS_SQLTUNE.REPORT_SQL_MONITOR('7gtys6vx02ymj',type => 'active', report_level => 'ALL') FROM DUAL
2020-07-25 19:30:16,639 DEBUG: [app.py:100] : Parameters for the Query: None
2020-07-25 19:30:16,648 DEBUG: [app.py:143] : Sample Result
2020-07-25 19:30:16,648 DEBUG: [app.py:145] : ["DBMS_SQLTUNE.REPORT_SQL_MONITOR('7GTYS6VX02YMJ',TYPE=>'ACTIVE',REPORT_LEVEL=>'ALL')"]
2020-07-25 19:30:16,648 DEBUG: [app.py:145] : ['<html>\n <head>\n  <meta http-equiv="Content-Type" content="text/html; charset=utf-8"/>\n  <base href="http://download.oracle.com/otn_software/"/>\n  <script language="javascript" type="text/javascript" src="emviewers/scripts/flashver.js">\n   <!--Test flash version-->\n  </script>\n  <style>\n      body { margin: 0px; overflow:hidden }\n    </style>\n </head>\n <body scroll="no">\n  <script type="text/xml">\n   <!--FXTMODEL-->\n   <report db_version="11.2.0.1.0" elapsed_time="0.00" cpu_time="0.00">\n    <report_id><![CDATA[/orarep/sqlmonitor/main?bucket_max_count=128&event_detail=yes&report_level=ALL&sql_id=7gtys6vx02ymj]]></report_id>\n   </report>\n   <!--FXTMODEL-->\n  </script>\n  <script language="JavaScript" type="text/javascript" src="emviewers/scripts/loadswf.js">\n   <!--Load report viewer-->\n  </script>\n  <iframe name="_history" frameborder="0" scrolling="no" width="22" height="0">\n   <html>\n    <head>\n     <meta http-equiv="Content-Type" content="text/html; charset=iso-8859-1"/>\n     <script type="text/javascript" language="JavaScript1.2" charset="utf-8">\n                var v = new top.Vars(top.getSearch(window));\n                var fv = v.toString(&apos;$_&apos;);\n              </script>\n    </head>\n    <body>\n     <script type="text/javascript" language="JavaScript1.2" charset="utf-8" src="emviewers/scripts/document.js">\n      <!--Run document script-->\n     </script>\n    </body>\n   </html>\n  </iframe>\n </body>\n</html>\n']
2020-07-25 19:30:16,653 INFO: [_internal.py:122] : 127.0.0.1 - - [25/Jul/2020 19:30:16] "GET /report_sql_monitor_active/7gtys6vx02ymj HTTP/1.1" 200 -
2020-07-25 19:30:52,593 INFO: [_internal.py:122] : 127.0.0.1 - - [25/Jul/2020 19:30:52] "GET /static/js/query-execution-worker.js HTTP/1.1" 200 -
2020-07-25 19:30:52,603 DEBUG: [app.py:249] : Query parameters for data-dictionary-views: 
2020-07-25 19:30:52,603 DEBUG: [app.py:250] : Parameter names        : []
2020-07-25 19:30:52,603 DEBUG: [app.py:251] : Parameter values       : []
2020-07-25 19:30:52,603 DEBUG: [app.py:98] : DB Connection: <cx_Oracle.Connection to admin@(DESCRIPTION=(ADDRESS=(PROTOCOL=TCP)(HOST=localhost)(PORT=1522))(CONNECT_DATA=(SERVICE_NAME=testdb)))>
2020-07-25 19:30:52,604 DEBUG: [app.py:99] : Query to be executed: 
SELECT 
    view_name
FROM 
    dba_views a
WHERE 
    (view_name LIKE 'V$%'
OR  view_name LIKE 'GV$%'
OR  view_name LIKE 'ALL_%'
OR  view_name LIKE 'DBA_%'  
OR  view_name LIKE 'USER_%')
AND EXISTS (SELECT 1 FROM DBA_OBJECTS b WHERE a.owner = b.owner AND a.view_name = b.object_name)
ORDER BY 1

2020-07-25 19:30:52,604 DEBUG: [app.py:100] : Parameters for the Query: None
2020-07-25 19:30:52,686 DEBUG: [app.py:143] : Sample Result
2020-07-25 19:30:52,686 DEBUG: [app.py:145] : ['VIEW_NAME']
2020-07-25 19:30:52,686 DEBUG: [app.py:145] : ['ALL$AW_CUBE_AGG_LEVELS']
2020-07-25 19:30:52,686 DEBUG: [app.py:145] : ['ALL$AW_CUBE_AGG_MEASURES']
2020-07-25 19:30:52,686 DEBUG: [app.py:145] : ['ALL$AW_CUBE_AGG_PLANS']
2020-07-25 19:30:52,686 DEBUG: [app.py:145] : ['ALL$AW_CUBE_ENABLED_HIERCOMBO']
2020-07-25 19:30:52,690 INFO: [_internal.py:122] : 127.0.0.1 - - [25/Jul/2020 19:30:52] "POST /query_execution/data-dictionary-views HTTP/1.1" 201 -
